IQ-TREE multicore version 2.3.3 COVID-edition for MacOS Intel 64-bit built Apr 18 2024
Developed by Bui Quang Minh, James Barbetti, Nguyen Lam Tung, Olga Chernomor,
Heiko Schmidt, Dominik Schrempf, Michael Woodhams, Ly Trong Nhan, Thomas Wong

Host:    wm27d-094 (AVX2, FMA3, 16 GB RAM)
Command: iqtree2 -s experiment_1/input_data/aligned.fasta -m JC --prefix experiment_1/iqtree/iqtree-results
Seed:    494220 (Using SPRNG - Scalable Parallel Random Number Generator)
Time:    Sun Nov  3 13:39:09 2024
Kernel:  AVX+FMA - 1 threads (12 CPU cores detected)

HINT: Use -nt option to specify number of threads because your CPU has 12 cores!
HINT: -nt AUTO will automatically determine the best number of threads to use.

Reading alignment file experiment_1/input_data/aligned.fasta ... Fasta format detected
Reading fasta file: done in 0.0177011 secs using 83% CPU
Alignment most likely contains DNA/RNA sequences
Alignment has 50 sequences with 10000 columns, 48 distinct patterns
25 parsimony-informative, 29 singleton sites, 9946 constant sites
                                         Gap/Ambiguity  Composition  p-value
Analyzing sequences: done in 2.28882e-05 secs using 83.01% CPU
   1  person_270373|blah-blah-blah|2000-01-13    0.00%    passed     35.88%
   2  person_284450|blah-blah-blah|2000-01-12    0.00%    passed     35.88%
   3  person_536492|blah-blah-blah|2000-01-16    0.00%    passed     35.88%
   4  person_961313|blah-blah-blah|2000-01-15    0.00%    passed     56.48%
   5  person_66394|blah-blah-blah|2000-01-19     0.00%    passed     54.26%
   6  person_493226|blah-blah-blah|2000-01-15    0.00%    passed     58.82%
   7  person_415342|blah-blah-blah|2000-01-23    0.00%    passed     45.58%
   8  person_586136|blah-blah-blah|2000-01-21    0.00%    passed     97.11%
   9  person_829003|blah-blah-blah|2000-01-23    0.00%    passed     56.48%
  10  person_541490|blah-blah-blah|2000-01-19    0.00%    passed     58.82%
  11  person_742010|blah-blah-blah|2000-01-21    0.00%    passed     58.82%
  12  person_519306|blah-blah-blah|2000-01-26    0.00%    passed     56.48%
  13  person_957061|blah-blah-blah|2000-01-18    0.00%    passed     54.26%
  14  person_531419|blah-blah-blah|2000-01-19    0.00%    passed     54.26%
  15  person_753567|blah-blah-blah|2000-01-22    0.00%    passed     40.35%
  16  person_810882|blah-blah-blah|2000-01-17    0.00%    passed     97.11%
  17  person_556729|blah-blah-blah|2000-01-22    0.00%    passed     49.26%
  18  person_247870|blah-blah-blah|2000-01-30    0.00%    passed     76.99%
  19  person_246557|blah-blah-blah|2000-01-24    0.00%    passed     49.26%
  20  person_936746|blah-blah-blah|2000-01-26    0.00%    passed     95.00%
  21  person_910063|blah-blah-blah|2000-01-31    0.00%    passed     62.79%
  22  person_416639|blah-blah-blah|2000-01-23    0.00%    passed     83.74%
  23  person_379645|blah-blah-blah|2000-01-25    0.00%    passed     58.82%
  24  person_498713|blah-blah-blah|2000-01-28    0.00%    failed      0.12%
  25  person_170643|blah-blah-blah|2000-01-24    0.00%    passed     56.48%
  26  person_10624|blah-blah-blah|2000-01-24     0.00%    passed     81.02%
  27  person_309839|blah-blah-blah|2000-01-30    0.00%    passed     51.01%
  28  person_663771|blah-blah-blah|2000-01-30    0.00%    passed      5.85%
  29  person_650654|blah-blah-blah|2000-01-27    0.00%    passed     49.26%
  30  person_590548|blah-blah-blah|2000-01-29    0.00%    passed     76.99%
  31  person_312650|blah-blah-blah|2000-01-26    0.00%    passed     95.00%
  32  person_727060|blah-blah-blah|2000-01-30    0.00%    passed     95.00%
  33  person_87937|blah-blah-blah|2000-02-01     0.00%    passed     18.68%
  34  person_156890|blah-blah-blah|2000-01-28    0.00%    passed     36.41%
  35  person_969856|blah-blah-blah|2000-01-27    0.00%    passed     95.00%
  36  person_820976|blah-blah-blah|2000-01-28    0.00%    failed      0.12%
  37  person_628965|blah-blah-blah|2000-01-29    0.00%    passed     59.91%
  38  person_198411|blah-blah-blah|2000-01-31    0.00%    passed     65.31%
  39  person_196921|blah-blah-blah|2000-01-27    0.00%    passed     40.35%
  40  person_205424|blah-blah-blah|2000-01-25    0.00%    passed     81.02%
  41  person_884079|blah-blah-blah|2000-01-28    0.00%    passed     35.30%
  42  person_814940|blah-blah-blah|2000-01-26    0.00%    passed     81.02%
  43  person_343417|blah-blah-blah|2000-01-28    0.00%    passed     11.78%
  44  person_141544|blah-blah-blah|2000-01-29    0.00%    passed     49.26%
  45  person_493589|blah-blah-blah|2000-01-30    0.00%    passed     62.79%
  46  person_190469|blah-blah-blah|2000-01-30    0.00%    passed     11.70%
  47  person_754156|blah-blah-blah|2000-01-30    0.00%    passed     54.26%
  48  person_183641|blah-blah-blah|2000-01-30    0.00%    passed     81.02%
  49  person_699480|blah-blah-blah|2000-01-31    0.00%    passed     17.61%
  50  person_4973|blah-blah-blah|2000-01-31      0.00%    passed     13.38%
****  TOTAL                                      0.00%  2 sequences failed composition chi2 test (p-value<5%; df=3)
NOTE: person_284450|blah-blah-blah|2000-01-12 is identical to person_270373|blah-blah-blah|2000-01-13 but kept for subsequent analysis
NOTE: person_957061|blah-blah-blah|2000-01-18 is identical to person_66394|blah-blah-blah|2000-01-19 but kept for subsequent analysis
NOTE: person_541490|blah-blah-blah|2000-01-19 is identical to person_493226|blah-blah-blah|2000-01-15 but kept for subsequent analysis
NOTE: person_170643|blah-blah-blah|2000-01-24 is identical to person_829003|blah-blah-blah|2000-01-23 but kept for subsequent analysis
NOTE: person_590548|blah-blah-blah|2000-01-29 is identical to person_247870|blah-blah-blah|2000-01-30 but kept for subsequent analysis
NOTE: person_650654|blah-blah-blah|2000-01-27 is identical to person_246557|blah-blah-blah|2000-01-24 but kept for subsequent analysis
NOTE: person_205424|blah-blah-blah|2000-01-25 is identical to person_10624|blah-blah-blah|2000-01-24 but kept for subsequent analysis
NOTE: person_727060|blah-blah-blah|2000-01-30 is identical to person_312650|blah-blah-blah|2000-01-26 but kept for subsequent analysis
NOTE: 7 identical sequences (see below) will be ignored for subsequent analysis
NOTE: person_536492|blah-blah-blah|2000-01-16 (identical to person_270373|blah-blah-blah|2000-01-13) is ignored but added at the end
NOTE: person_531419|blah-blah-blah|2000-01-19 (identical to person_66394|blah-blah-blah|2000-01-19) is ignored but added at the end
NOTE: person_754156|blah-blah-blah|2000-01-30 (identical to person_66394|blah-blah-blah|2000-01-19) is ignored but added at the end
NOTE: person_742010|blah-blah-blah|2000-01-21 (identical to person_493226|blah-blah-blah|2000-01-15) is ignored but added at the end
NOTE: person_379645|blah-blah-blah|2000-01-25 (identical to person_493226|blah-blah-blah|2000-01-15) is ignored but added at the end
NOTE: person_141544|blah-blah-blah|2000-01-29 (identical to person_246557|blah-blah-blah|2000-01-24) is ignored but added at the end
NOTE: person_814940|blah-blah-blah|2000-01-26 (identical to person_10624|blah-blah-blah|2000-01-24) is ignored but added at the end
Alignment was printed to experiment_1/iqtree/iqtree-results.uniqueseq.phy

For your convenience alignment with unique sequences printed to experiment_1/iqtree/iqtree-results.uniqueseq.phy
WARNING: States(s) C rarely appear in alignment and may cause numerical problems

Create initial parsimony tree by phylogenetic likelihood library (PLL)... 0.002 seconds

NOTE: 0 MB RAM (0 GB) is required!
Estimate model parameters (epsilon = 0.100)
1. Initial log-likelihood: -14441.860
Optimal log-likelihood: -14441.860
Rate parameters:  A-C: 1.00000  A-G: 1.00000  A-T: 1.00000  C-G: 1.00000  C-T: 1.00000  G-T: 1.00000
Base frequencies:  A: 0.250  C: 0.250  G: 0.250  T: 0.250
Parameters optimization took 1 rounds (0.002 sec)
Wrote distance file to... 
Computing ML distances based on estimated model parameters...
Calculating distance matrix: done in 0.00500298 secs using 98.9% CPU
Computing ML distances took 0.005099 sec (of wall-clock time) 0.005005 sec (of CPU time)
Setting up auxiliary I and S matrices: done in 8.2016e-05 secs using 73.16% CPU
Computing RapidNJ tree took 0.000333 sec (of wall-clock time) 0.000397 sec (of CPU time)
Log-likelihood of RapidNJ tree: -14442.378
--------------------------------------------------------------------
|             INITIALIZING CANDIDATE TREE SET                      |
--------------------------------------------------------------------
Generating 98 parsimony trees... 0.105 second
Computing log-likelihood of 98 initial trees ... 0.059 seconds
Current best score: -14441.860

Do NNI search on 20 best initial trees
Estimate model parameters (epsilon = 0.100)
BETTER TREE FOUND at iteration 1: -14441.860
BETTER TREE FOUND at iteration 2: -14441.860
Iteration 10 / LogL: -14441.860 / Time: 0h:0m:0s
Iteration 20 / LogL: -14441.860 / Time: 0h:0m:0s
Finish initializing candidate tree set (20)
Current best tree score: -14441.860 / CPU time: 0.206
Number of iterations: 20
--------------------------------------------------------------------
|               OPTIMIZING CANDIDATE TREE SET                      |
--------------------------------------------------------------------
Iteration 30 / LogL: -14441.928 / Time: 0h:0m:0s (0h:0m:0s left)
Iteration 40 / LogL: -14459.089 / Time: 0h:0m:0s (0h:0m:0s left)
Iteration 50 / LogL: -14445.532 / Time: 0h:0m:0s (0h:0m:0s left)
Iteration 60 / LogL: -14449.236 / Time: 0h:0m:0s (0h:0m:0s left)
Iteration 70 / LogL: -14441.918 / Time: 0h:0m:0s (0h:0m:0s left)
Iteration 80 / LogL: -14441.961 / Time: 0h:0m:0s (0h:0m:0s left)
Iteration 90 / LogL: -14452.820 / Time: 0h:0m:0s (0h:0m:0s left)
Iteration 100 / LogL: -14445.546 / Time: 0h:0m:0s (0h:0m:0s left)
TREE SEARCH COMPLETED AFTER 103 ITERATIONS / Time: 0h:0m:0s

--------------------------------------------------------------------
|                    FINALIZING TREE SEARCH                        |
--------------------------------------------------------------------
Performs final model parameters optimization
Estimate model parameters (epsilon = 0.010)
1. Initial log-likelihood: -14441.860
Optimal log-likelihood: -14441.860
Rate parameters:  A-C: 1.00000  A-G: 1.00000  A-T: 1.00000  C-G: 1.00000  C-T: 1.00000  G-T: 1.00000
Base frequencies:  A: 0.250  C: 0.250  G: 0.250  T: 0.250
Parameters optimization took 1 rounds (0.001 sec)
BEST SCORE FOUND : -14441.860
Total tree length: 0.005

Total number of iterations: 103
CPU time used for tree search: 0.910 sec (0h:0m:0s)
Wall-clock time used for tree search: 0.741 sec (0h:0m:0s)
Total CPU time used: 0.934 sec (0h:0m:0s)
Total wall-clock time used: 0.770 sec (0h:0m:0s)

Analysis results written to: 
  IQ-TREE report:                experiment_1/iqtree/iqtree-results.iqtree
  Maximum-likelihood tree:       experiment_1/iqtree/iqtree-results.treefile
  Likelihood distances:          experiment_1/iqtree/iqtree-results.mldist
  Screen log file:               experiment_1/iqtree/iqtree-results.log

Date and Time: Sun Nov  3 13:39:10 2024
