IQ-TREE multicore version 2.3.3 COVID-edition for MacOS Intel 64-bit built Apr 18 2024
Developed by Bui Quang Minh, James Barbetti, Nguyen Lam Tung, Olga Chernomor,
Heiko Schmidt, Dominik Schrempf, Michael Woodhams, Ly Trong Nhan, Thomas Wong

Host:    wm27d-094 (AVX2, FMA3, 16 GB RAM)
Command: iqtree2 -s experiment_17/input_data/aligned.fasta -m JC --prefix experiment_17/iqtree/iqtree-results
Seed:    532828 (Using SPRNG - Scalable Parallel Random Number Generator)
Time:    Sun Nov  3 21:13:16 2024
Kernel:  AVX+FMA - 1 threads (12 CPU cores detected)

HINT: Use -nt option to specify number of threads because your CPU has 12 cores!
HINT: -nt AUTO will automatically determine the best number of threads to use.

Reading alignment file experiment_17/input_data/aligned.fasta ... Fasta format detected
Reading fasta file: done in 0.0125401 secs using 85.47% CPU
Alignment most likely contains DNA/RNA sequences
Alignment has 50 sequences with 10000 columns, 42 distinct patterns
16 parsimony-informative, 31 singleton sites, 9953 constant sites
                                         Gap/Ambiguity  Composition  p-value
Analyzing sequences: done in 1.50204e-05 secs using 86.55% CPU
   1  person_310638|blah-blah-blah|2000-01-14    0.00%    passed     85.93%
   2  person_714500|blah-blah-blah|2000-01-11    0.00%    passed     39.46%
   3  person_127417|blah-blah-blah|2000-01-08    0.00%    passed     39.46%
   4  person_495670|blah-blah-blah|2000-01-08    0.00%    passed     39.46%
   5  person_769021|blah-blah-blah|2000-01-11    0.00%    passed     72.13%
   6  person_179361|blah-blah-blah|2000-01-08    0.00%    passed     11.92%
   7  person_442504|blah-blah-blah|2000-01-09    0.00%    passed     35.42%
   8  person_999268|blah-blah-blah|2000-01-13    0.00%    passed     85.93%
   9  person_121096|blah-blah-blah|2000-01-10    0.00%    passed     39.46%
  10  person_219364|blah-blah-blah|2000-01-13    0.00%    passed     39.46%
  11  person_546131|blah-blah-blah|2000-01-12    0.00%    passed     85.93%
  12  person_997363|blah-blah-blah|2000-01-13    0.00%    passed     85.93%
  13  person_558202|blah-blah-blah|2000-01-16    0.00%    passed     66.65%
  14  person_916246|blah-blah-blah|2000-01-13    0.00%    passed     65.81%
  15  person_814018|blah-blah-blah|2000-01-14    0.00%    passed     72.13%
  16  person_633947|blah-blah-blah|2000-01-22    0.00%    passed     79.36%
  17  person_487554|blah-blah-blah|2000-01-17    0.00%    passed     85.93%
  18  person_825905|blah-blah-blah|2000-01-15    0.00%    passed     85.93%
  19  person_756215|blah-blah-blah|2000-01-18    0.00%    passed     91.37%
  20  person_738986|blah-blah-blah|2000-01-21    0.00%    passed     85.93%
  21  person_712889|blah-blah-blah|2000-01-20    0.00%    failed      0.08%
  22  person_24454|blah-blah-blah|2000-01-17     0.00%    passed     72.13%
  23  person_141650|blah-blah-blah|2000-01-17    0.00%    passed     91.37%
  24  person_52973|blah-blah-blah|2000-01-19     0.00%    passed     46.69%
  25  person_706482|blah-blah-blah|2000-01-19    0.00%    passed     46.69%
  26  person_692288|blah-blah-blah|2000-01-23    0.00%    passed     91.37%
  27  person_217244|blah-blah-blah|2000-01-18    0.00%    passed     91.37%
  28  person_938137|blah-blah-blah|2000-01-22    0.00%    passed     38.60%
  29  person_392648|blah-blah-blah|2000-01-18    0.00%    passed     16.08%
  30  person_787329|blah-blah-blah|2000-01-16    0.00%    passed     60.60%
  31  person_136780|blah-blah-blah|2000-01-21    0.00%    passed     50.68%
  32  person_446722|blah-blah-blah|2000-01-21    0.00%    passed     85.93%
  33  person_430687|blah-blah-blah|2000-01-19    0.00%    passed     50.68%
  34  person_173679|blah-blah-blah|2000-01-23    0.00%    passed     62.86%
  35  person_291229|blah-blah-blah|2000-01-18    0.00%    passed     46.69%
  36  person_319839|blah-blah-blah|2000-01-20    0.00%    passed     46.69%
  37  person_728140|blah-blah-blah|2000-01-21    0.00%    passed     46.69%
  38  person_852172|blah-blah-blah|2000-01-24    0.00%    failed      4.46%
  39  person_930915|blah-blah-blah|2000-01-18    0.00%    passed     69.04%
  40  person_388402|blah-blah-blah|2000-01-20    0.00%    passed     91.37%
  41  person_711022|blah-blah-blah|2000-01-20    0.00%    passed     19.80%
  42  person_840975|blah-blah-blah|2000-01-24    0.00%    passed     55.29%
  43  person_7783|blah-blah-blah|2000-01-24      0.00%    passed     38.60%
  44  person_797433|blah-blah-blah|2000-01-21    0.00%    passed     46.69%
  45  person_651497|blah-blah-blah|2000-01-24    0.00%    passed     50.68%
  46  person_90862|blah-blah-blah|2000-01-23     0.00%    failed      3.76%
  47  person_212732|blah-blah-blah|2000-01-25    0.00%    passed      8.36%
  48  person_934978|blah-blah-blah|2000-01-22    0.00%    passed      9.86%
  49  person_992226|blah-blah-blah|2000-01-25    0.00%    passed     55.29%
  50  person_395716|blah-blah-blah|2000-01-23    0.00%    passed     49.96%
****  TOTAL                                      0.00%  3 sequences failed composition chi2 test (p-value<5%; df=3)
NOTE: person_127417|blah-blah-blah|2000-01-08 is identical to person_714500|blah-blah-blah|2000-01-11 but kept for subsequent analysis
NOTE: person_814018|blah-blah-blah|2000-01-14 is identical to person_769021|blah-blah-blah|2000-01-11 but kept for subsequent analysis
NOTE: person_546131|blah-blah-blah|2000-01-12 is identical to person_999268|blah-blah-blah|2000-01-13 but kept for subsequent analysis
NOTE: person_217244|blah-blah-blah|2000-01-18 is identical to person_141650|blah-blah-blah|2000-01-17 but kept for subsequent analysis
NOTE: person_797433|blah-blah-blah|2000-01-21 is identical to person_52973|blah-blah-blah|2000-01-19 but kept for subsequent analysis
NOTE: person_291229|blah-blah-blah|2000-01-18 is identical to person_706482|blah-blah-blah|2000-01-19 but kept for subsequent analysis
NOTE: person_651497|blah-blah-blah|2000-01-24 is identical to person_136780|blah-blah-blah|2000-01-21 but kept for subsequent analysis
NOTE: 12 identical sequences (see below) will be ignored for subsequent analysis
NOTE: person_495670|blah-blah-blah|2000-01-08 (identical to person_714500|blah-blah-blah|2000-01-11) is ignored but added at the end
NOTE: person_121096|blah-blah-blah|2000-01-10 (identical to person_714500|blah-blah-blah|2000-01-11) is ignored but added at the end
NOTE: person_219364|blah-blah-blah|2000-01-13 (identical to person_714500|blah-blah-blah|2000-01-11) is ignored but added at the end
NOTE: person_24454|blah-blah-blah|2000-01-17 (identical to person_769021|blah-blah-blah|2000-01-11) is ignored but added at the end
NOTE: person_997363|blah-blah-blah|2000-01-13 (identical to person_999268|blah-blah-blah|2000-01-13) is ignored but added at the end
NOTE: person_487554|blah-blah-blah|2000-01-17 (identical to person_999268|blah-blah-blah|2000-01-13) is ignored but added at the end
NOTE: person_825905|blah-blah-blah|2000-01-15 (identical to person_999268|blah-blah-blah|2000-01-13) is ignored but added at the end
NOTE: person_738986|blah-blah-blah|2000-01-21 (identical to person_999268|blah-blah-blah|2000-01-13) is ignored but added at the end
NOTE: person_446722|blah-blah-blah|2000-01-21 (identical to person_999268|blah-blah-blah|2000-01-13) is ignored but added at the end
NOTE: person_388402|blah-blah-blah|2000-01-20 (identical to person_141650|blah-blah-blah|2000-01-17) is ignored but added at the end
NOTE: person_319839|blah-blah-blah|2000-01-20 (identical to person_706482|blah-blah-blah|2000-01-19) is ignored but added at the end
NOTE: person_728140|blah-blah-blah|2000-01-21 (identical to person_706482|blah-blah-blah|2000-01-19) is ignored but added at the end
Alignment was printed to experiment_17/iqtree/iqtree-results.uniqueseq.phy

For your convenience alignment with unique sequences printed to experiment_17/iqtree/iqtree-results.uniqueseq.phy
WARNING: States(s) C, G rarely appear in alignment and may cause numerical problems

Create initial parsimony tree by phylogenetic likelihood library (PLL)... 0.001 seconds

NOTE: 0 MB RAM (0 GB) is required!
Estimate model parameters (epsilon = 0.100)
1. Initial log-likelihood: -14368.027
Optimal log-likelihood: -14368.027
Rate parameters:  A-C: 1.00000  A-G: 1.00000  A-T: 1.00000  C-G: 1.00000  C-T: 1.00000  G-T: 1.00000
Base frequencies:  A: 0.250  C: 0.250  G: 0.250  T: 0.250
Parameters optimization took 1 rounds (0.001 sec)
Wrote distance file to... 
Computing ML distances based on estimated model parameters...
Calculating distance matrix: done in 0.00401497 secs using 97.88% CPU
Computing ML distances took 0.004094 sec (of wall-clock time) 0.003982 sec (of CPU time)
Setting up auxiliary I and S matrices: done in 6.60419e-05 secs using 72.68% CPU
Computing RapidNJ tree took 0.000241 sec (of wall-clock time) 0.000191 sec (of CPU time)
Log-likelihood of RapidNJ tree: -14368.518
--------------------------------------------------------------------
|             INITIALIZING CANDIDATE TREE SET                      |
--------------------------------------------------------------------
Generating 98 parsimony trees... 0.078 second
Computing log-likelihood of 98 initial trees ... 0.050 seconds
Current best score: -14368.027

Do NNI search on 20 best initial trees
Estimate model parameters (epsilon = 0.100)
BETTER TREE FOUND at iteration 1: -14368.027
Iteration 10 / LogL: -14368.027 / Time: 0h:0m:0s
BETTER TREE FOUND at iteration 12: -14368.027
Iteration 20 / LogL: -14368.027 / Time: 0h:0m:0s
Finish initializing candidate tree set (20)
Current best tree score: -14368.027 / CPU time: 0.162
Number of iterations: 20
--------------------------------------------------------------------
|               OPTIMIZING CANDIDATE TREE SET                      |
--------------------------------------------------------------------
Iteration 30 / LogL: -14404.553 / Time: 0h:0m:0s (0h:0m:0s left)
Iteration 40 / LogL: -14376.680 / Time: 0h:0m:0s (0h:0m:0s left)
Iteration 50 / LogL: -14368.099 / Time: 0h:0m:0s (0h:0m:0s left)
Iteration 60 / LogL: -14376.649 / Time: 0h:0m:0s (0h:0m:0s left)
Iteration 70 / LogL: -14376.709 / Time: 0h:0m:0s (0h:0m:0s left)
Iteration 80 / LogL: -14368.054 / Time: 0h:0m:0s (0h:0m:0s left)
Iteration 90 / LogL: -14376.703 / Time: 0h:0m:0s (0h:0m:0s left)
Iteration 100 / LogL: -14368.042 / Time: 0h:0m:0s (0h:0m:0s left)
Iteration 110 / LogL: -14371.747 / Time: 0h:0m:0s (0h:0m:0s left)
TREE SEARCH COMPLETED AFTER 113 ITERATIONS / Time: 0h:0m:0s

--------------------------------------------------------------------
|                    FINALIZING TREE SEARCH                        |
--------------------------------------------------------------------
Performs final model parameters optimization
Estimate model parameters (epsilon = 0.010)
1. Initial log-likelihood: -14368.027
Optimal log-likelihood: -14368.027
Rate parameters:  A-C: 1.00000  A-G: 1.00000  A-T: 1.00000  C-G: 1.00000  C-T: 1.00000  G-T: 1.00000
Base frequencies:  A: 0.250  C: 0.250  G: 0.250  T: 0.250
Parameters optimization took 1 rounds (0.001 sec)
BEST SCORE FOUND : -14368.027
Total tree length: 0.005

Total number of iterations: 113
CPU time used for tree search: 0.736 sec (0h:0m:0s)
Wall-clock time used for tree search: 0.568 sec (0h:0m:0s)
Total CPU time used: 0.756 sec (0h:0m:0s)
Total wall-clock time used: 0.590 sec (0h:0m:0s)

Analysis results written to: 
  IQ-TREE report:                experiment_17/iqtree/iqtree-results.iqtree
  Maximum-likelihood tree:       experiment_17/iqtree/iqtree-results.treefile
  Likelihood distances:          experiment_17/iqtree/iqtree-results.mldist
  Screen log file:               experiment_17/iqtree/iqtree-results.log

Date and Time: Sun Nov  3 21:13:17 2024
