IQ-TREE multicore version 2.3.3 COVID-edition for MacOS Intel 64-bit built Apr 18 2024
Developed by Bui Quang Minh, James Barbetti, Nguyen Lam Tung, Olga Chernomor,
Heiko Schmidt, Dominik Schrempf, Michael Woodhams, Ly Trong Nhan, Thomas Wong

Host:    wm27d-094 (AVX2, FMA3, 16 GB RAM)
Command: iqtree2 -s experiment_4/input_data/aligned.fasta -m JC --prefix experiment_4/iqtree/iqtree-results
Seed:    676129 (Using SPRNG - Scalable Parallel Random Number Generator)
Time:    Sun Nov  3 14:46:41 2024
Kernel:  AVX+FMA - 1 threads (12 CPU cores detected)

HINT: Use -nt option to specify number of threads because your CPU has 12 cores!
HINT: -nt AUTO will automatically determine the best number of threads to use.

Reading alignment file experiment_4/input_data/aligned.fasta ... Fasta format detected
Reading fasta file: done in 0.0117249 secs using 85.74% CPU
Alignment most likely contains DNA/RNA sequences
Alignment has 50 sequences with 10000 columns, 59 distinct patterns
31 parsimony-informative, 47 singleton sites, 9922 constant sites
                                         Gap/Ambiguity  Composition  p-value
Analyzing sequences: done in 4.3869e-05 secs using 61.55% CPU
   1  person_389877|blah-blah-blah|2000-01-06    0.00%    passed     38.67%
   2  person_964331|blah-blah-blah|2000-01-10    0.00%    passed     61.97%
   3  person_828976|blah-blah-blah|2000-01-19    0.00%    passed     67.23%
   4  person_778437|blah-blah-blah|2000-01-14    0.00%    passed     68.66%
   5  person_949117|blah-blah-blah|2000-01-12    0.00%    passed      6.97%
   6  person_61494|blah-blah-blah|2000-01-14     0.00%    passed     38.67%
   7  person_954571|blah-blah-blah|2000-01-18    0.00%    passed     78.42%
   8  person_231503|blah-blah-blah|2000-01-21    0.00%    passed     78.19%
   9  person_176988|blah-blah-blah|2000-01-17    0.00%    passed     38.67%
  10  person_457091|blah-blah-blah|2000-01-15    0.00%    passed     46.45%
  11  person_592214|blah-blah-blah|2000-01-22    0.00%    passed     63.24%
  12  person_587305|blah-blah-blah|2000-01-18    0.00%    passed     67.23%
  13  person_124174|blah-blah-blah|2000-01-23    0.00%    passed     68.66%
  14  person_868203|blah-blah-blah|2000-01-19    0.00%    passed      5.05%
  15  person_803887|blah-blah-blah|2000-01-20    0.00%    passed     47.55%
  16  person_854721|blah-blah-blah|2000-01-21    0.00%    passed     56.90%
  17  person_800360|blah-blah-blah|2000-01-17    0.00%    passed     78.42%
  18  person_607706|blah-blah-blah|2000-01-23    0.00%    passed     98.74%
  19  person_524607|blah-blah-blah|2000-01-21    0.00%    passed     47.90%
  20  person_256897|blah-blah-blah|2000-01-26    0.00%    passed     69.05%
  21  person_519783|blah-blah-blah|2000-01-22    0.00%    passed     38.54%
  22  person_525392|blah-blah-blah|2000-01-20    0.00%    passed      7.28%
  23  person_834738|blah-blah-blah|2000-01-26    0.00%    passed     78.42%
  24  person_686997|blah-blah-blah|2000-01-25    0.00%    passed     68.66%
  25  person_12334|blah-blah-blah|2000-01-26     0.00%    passed     38.54%
  26  person_437809|blah-blah-blah|2000-01-25    0.00%    passed     69.05%
  27  person_701706|blah-blah-blah|2000-01-28    0.00%    passed     69.05%
  28  person_503722|blah-blah-blah|2000-01-24    0.00%    passed     78.19%
  29  person_982459|blah-blah-blah|2000-01-26    0.00%    passed     13.33%
  30  person_615642|blah-blah-blah|2000-01-23    0.00%    passed     67.23%
  31  person_248310|blah-blah-blah|2000-01-24    0.00%    passed     98.74%
  32  person_984357|blah-blah-blah|2000-01-23    0.00%    passed     46.11%
  33  person_875332|blah-blah-blah|2000-01-26    0.00%    passed     10.99%
  34  person_606757|blah-blah-blah|2000-01-24    0.00%    passed     38.67%
  35  person_250166|blah-blah-blah|2000-01-27    0.00%    passed     70.83%
  36  person_707379|blah-blah-blah|2000-01-26    0.00%    passed     38.67%
  37  person_511333|blah-blah-blah|2000-01-26    0.00%    passed     67.23%
  38  person_157078|blah-blah-blah|2000-01-28    0.00%    passed     38.54%
  39  person_600108|blah-blah-blah|2000-01-26    0.00%    passed     52.02%
  40  person_638333|blah-blah-blah|2000-01-25    0.00%    passed      9.94%
  41  person_105082|blah-blah-blah|2000-01-22    0.00%    passed     67.23%
  42  person_150507|blah-blah-blah|2000-01-29    0.00%    failed      1.18%
  43  person_154828|blah-blah-blah|2000-01-27    0.00%    passed     69.05%
  44  person_26641|blah-blah-blah|2000-01-29     0.00%    passed     11.66%
  45  person_224880|blah-blah-blah|2000-01-25    0.00%    passed     43.44%
  46  person_864325|blah-blah-blah|2000-01-27    0.00%    passed     68.66%
  47  person_359014|blah-blah-blah|2000-01-27    0.00%    passed     72.30%
  48  person_292596|blah-blah-blah|2000-01-28    0.00%    passed      9.57%
  49  person_646734|blah-blah-blah|2000-01-29    0.00%    passed     72.30%
  50  person_773329|blah-blah-blah|2000-01-29    0.00%    passed     78.42%
****  TOTAL                                      0.00%  1 sequences failed composition chi2 test (p-value<5%; df=3)
NOTE: person_61494|blah-blah-blah|2000-01-14 is identical to person_389877|blah-blah-blah|2000-01-06 but kept for subsequent analysis
NOTE: person_587305|blah-blah-blah|2000-01-18 is identical to person_828976|blah-blah-blah|2000-01-19 but kept for subsequent analysis
NOTE: person_124174|blah-blah-blah|2000-01-23 is identical to person_778437|blah-blah-blah|2000-01-14 but kept for subsequent analysis
NOTE: person_503722|blah-blah-blah|2000-01-24 is identical to person_231503|blah-blah-blah|2000-01-21 but kept for subsequent analysis
NOTE: person_834738|blah-blah-blah|2000-01-26 is identical to person_800360|blah-blah-blah|2000-01-17 but kept for subsequent analysis
NOTE: person_248310|blah-blah-blah|2000-01-24 is identical to person_607706|blah-blah-blah|2000-01-23 but kept for subsequent analysis
NOTE: person_437809|blah-blah-blah|2000-01-25 is identical to person_256897|blah-blah-blah|2000-01-26 but kept for subsequent analysis
NOTE: person_157078|blah-blah-blah|2000-01-28 is identical to person_519783|blah-blah-blah|2000-01-22 but kept for subsequent analysis
NOTE: 7 identical sequences (see below) will be ignored for subsequent analysis
NOTE: person_176988|blah-blah-blah|2000-01-17 (identical to person_389877|blah-blah-blah|2000-01-06) is ignored but added at the end
NOTE: person_606757|blah-blah-blah|2000-01-24 (identical to person_389877|blah-blah-blah|2000-01-06) is ignored but added at the end
NOTE: person_707379|blah-blah-blah|2000-01-26 (identical to person_389877|blah-blah-blah|2000-01-06) is ignored but added at the end
NOTE: person_686997|blah-blah-blah|2000-01-25 (identical to person_778437|blah-blah-blah|2000-01-14) is ignored but added at the end
NOTE: person_773329|blah-blah-blah|2000-01-29 (identical to person_800360|blah-blah-blah|2000-01-17) is ignored but added at the end
NOTE: person_701706|blah-blah-blah|2000-01-28 (identical to person_256897|blah-blah-blah|2000-01-26) is ignored but added at the end
NOTE: person_154828|blah-blah-blah|2000-01-27 (identical to person_256897|blah-blah-blah|2000-01-26) is ignored but added at the end
Alignment was printed to experiment_4/iqtree/iqtree-results.uniqueseq.phy

For your convenience alignment with unique sequences printed to experiment_4/iqtree/iqtree-results.uniqueseq.phy

Create initial parsimony tree by phylogenetic likelihood library (PLL)... 0.001 seconds

NOTE: 0 MB RAM (0 GB) is required!
Estimate model parameters (epsilon = 0.100)
1. Initial log-likelihood: -14675.557
Optimal log-likelihood: -14675.557
Rate parameters:  A-C: 1.00000  A-G: 1.00000  A-T: 1.00000  C-G: 1.00000  C-T: 1.00000  G-T: 1.00000
Base frequencies:  A: 0.250  C: 0.250  G: 0.250  T: 0.250
Parameters optimization took 1 rounds (0.001 sec)
Wrote distance file to... 
Computing ML distances based on estimated model parameters...
Calculating distance matrix: done in 0.00412607 secs using 97.45% CPU
Computing ML distances took 0.004269 sec (of wall-clock time) 0.004092 sec (of CPU time)
Setting up auxiliary I and S matrices: done in 9.48906e-05 secs using 56.91% CPU
Computing RapidNJ tree took 0.000284 sec (of wall-clock time) 0.000318 sec (of CPU time)
Log-likelihood of RapidNJ tree: -14676.088
--------------------------------------------------------------------
|             INITIALIZING CANDIDATE TREE SET                      |
--------------------------------------------------------------------
Generating 98 parsimony trees... 0.105 second
Computing log-likelihood of 98 initial trees ... 0.063 seconds
Current best score: -14675.557

Do NNI search on 20 best initial trees
Estimate model parameters (epsilon = 0.100)
BETTER TREE FOUND at iteration 1: -14675.556
BETTER TREE FOUND at iteration 2: -14675.556
BETTER TREE FOUND at iteration 6: -14675.556
BETTER TREE FOUND at iteration 8: -14675.556
Iteration 10 / LogL: -14675.556 / Time: 0h:0m:0s
BETTER TREE FOUND at iteration 17: -14675.556
Iteration 20 / LogL: -14675.556 / Time: 0h:0m:0s
Finish initializing candidate tree set (20)
Current best tree score: -14675.556 / CPU time: 0.223
Number of iterations: 20
--------------------------------------------------------------------
|               OPTIMIZING CANDIDATE TREE SET                      |
--------------------------------------------------------------------
Iteration 30 / LogL: -14675.627 / Time: 0h:0m:0s (0h:0m:0s left)
Iteration 40 / LogL: -14675.572 / Time: 0h:0m:0s (0h:0m:0s left)
Iteration 50 / LogL: -14689.794 / Time: 0h:0m:0s (0h:0m:0s left)
Iteration 60 / LogL: -14675.632 / Time: 0h:0m:0s (0h:0m:0s left)
Iteration 70 / LogL: -14693.468 / Time: 0h:0m:0s (0h:0m:0s left)
Iteration 80 / LogL: -14675.708 / Time: 0h:0m:0s (0h:0m:0s left)
Iteration 90 / LogL: -14675.679 / Time: 0h:0m:0s (0h:0m:0s left)
Iteration 100 / LogL: -14716.545 / Time: 0h:0m:0s (0h:0m:0s left)
Iteration 110 / LogL: -14675.642 / Time: 0h:0m:0s (0h:0m:0s left)
TREE SEARCH COMPLETED AFTER 118 ITERATIONS / Time: 0h:0m:0s

--------------------------------------------------------------------
|                    FINALIZING TREE SEARCH                        |
--------------------------------------------------------------------
Performs final model parameters optimization
Estimate model parameters (epsilon = 0.010)
1. Initial log-likelihood: -14675.556
Optimal log-likelihood: -14675.556
Rate parameters:  A-C: 1.00000  A-G: 1.00000  A-T: 1.00000  C-G: 1.00000  C-T: 1.00000  G-T: 1.00000
Base frequencies:  A: 0.250  C: 0.250  G: 0.250  T: 0.250
Parameters optimization took 1 rounds (0.001 sec)
BEST SCORE FOUND : -14675.556
Total tree length: 0.008

Total number of iterations: 118
CPU time used for tree search: 1.052 sec (0h:0m:1s)
Wall-clock time used for tree search: 0.895 sec (0h:0m:0s)
Total CPU time used: 1.072 sec (0h:0m:1s)
Total wall-clock time used: 0.917 sec (0h:0m:0s)

Analysis results written to: 
  IQ-TREE report:                experiment_4/iqtree/iqtree-results.iqtree
  Maximum-likelihood tree:       experiment_4/iqtree/iqtree-results.treefile
  Likelihood distances:          experiment_4/iqtree/iqtree-results.mldist
  Screen log file:               experiment_4/iqtree/iqtree-results.log

Date and Time: Sun Nov  3 14:46:42 2024
