IQ-TREE multicore version 2.3.3 COVID-edition for MacOS Intel 64-bit built Apr 18 2024
Developed by Bui Quang Minh, James Barbetti, Nguyen Lam Tung, Olga Chernomor,
Heiko Schmidt, Dominik Schrempf, Michael Woodhams, Ly Trong Nhan, Thomas Wong

Host:    wm27d-094 (AVX2, FMA3, 16 GB RAM)
Command: iqtree2 -s experiment_18/input_data/aligned.fasta -m JC --prefix experiment_18/iqtree/iqtree-results
Seed:    441794 (Using SPRNG - Scalable Parallel Random Number Generator)
Time:    Sun Nov  3 21:15:17 2024
Kernel:  AVX+FMA - 1 threads (12 CPU cores detected)

HINT: Use -nt option to specify number of threads because your CPU has 12 cores!
HINT: -nt AUTO will automatically determine the best number of threads to use.

Reading alignment file experiment_18/input_data/aligned.fasta ... Fasta format detected
Reading fasta file: done in 0.0124171 secs using 86.26% CPU
Alignment most likely contains DNA/RNA sequences
Alignment has 50 sequences with 10000 columns, 54 distinct patterns
34 parsimony-informative, 30 singleton sites, 9936 constant sites
                                         Gap/Ambiguity  Composition  p-value
Analyzing sequences: done in 1.69277e-05 secs using 82.7% CPU
   1  person_385822|blah-blah-blah|2000-01-09    0.00%    passed     33.78%
   2  person_667000|blah-blah-blah|2000-01-11    0.00%    passed     31.41%
   3  person_919180|blah-blah-blah|2000-01-11    0.00%    passed     75.17%
   4  person_610428|blah-blah-blah|2000-01-17    0.00%    passed     53.09%
   5  person_916430|blah-blah-blah|2000-01-18    0.00%    passed     88.41%
   6  person_481348|blah-blah-blah|2000-01-16    0.00%    passed     68.20%
   7  person_376769|blah-blah-blah|2000-01-14    0.00%    passed     94.78%
   8  person_759723|blah-blah-blah|2000-01-16    0.00%    passed     99.54%
   9  person_943164|blah-blah-blah|2000-01-18    0.00%    passed     99.54%
  10  person_968353|blah-blah-blah|2000-01-23    0.00%    passed     96.83%
  11  person_5750|blah-blah-blah|2000-01-17      0.00%    passed     96.83%
  12  person_704667|blah-blah-blah|2000-01-18    0.00%    passed     94.78%
  13  person_432709|blah-blah-blah|2000-01-16    0.00%    passed     68.20%
  14  person_783127|blah-blah-blah|2000-01-22    0.00%    passed     68.35%
  15  person_782059|blah-blah-blah|2000-01-26    0.00%    passed     71.43%
  16  person_912713|blah-blah-blah|2000-01-24    0.00%    passed     70.72%
  17  person_36252|blah-blah-blah|2000-01-23     0.00%    passed     94.78%
  18  person_375169|blah-blah-blah|2000-01-23    0.00%    passed     99.54%
  19  person_716832|blah-blah-blah|2000-01-22    0.00%    passed     68.20%
  20  person_256897|blah-blah-blah|2000-01-20    0.00%    passed     31.41%
  21  person_517100|blah-blah-blah|2000-01-23    0.00%    passed     60.12%
  22  person_605662|blah-blah-blah|2000-01-23    0.00%    passed     31.41%
  23  person_321347|blah-blah-blah|2000-01-26    0.00%    passed     31.41%
  24  person_584773|blah-blah-blah|2000-01-26    0.00%    passed     26.21%
  25  person_594687|blah-blah-blah|2000-01-24    0.00%    passed     68.20%
  26  person_566756|blah-blah-blah|2000-01-27    0.00%    passed     64.71%
  27  person_472146|blah-blah-blah|2000-01-28    0.00%    passed     14.41%
  28  person_485624|blah-blah-blah|2000-01-29    0.00%    passed     83.96%
  29  person_269202|blah-blah-blah|2000-01-25    0.00%    passed     83.96%
  30  person_460820|blah-blah-blah|2000-01-30    0.00%    passed     99.54%
  31  person_327688|blah-blah-blah|2000-01-28    0.00%    passed     94.78%
  32  person_227984|blah-blah-blah|2000-01-24    0.00%    passed     99.54%
  33  person_118259|blah-blah-blah|2000-02-01    0.00%    passed     59.15%
  34  person_355315|blah-blah-blah|2000-01-29    0.00%    passed     99.54%
  35  person_336867|blah-blah-blah|2000-01-28    0.00%    passed     96.83%
  36  person_700107|blah-blah-blah|2000-02-01    0.00%    passed     31.41%
  37  person_231776|blah-blah-blah|2000-01-28    0.00%    passed     31.41%
  38  person_276770|blah-blah-blah|2000-02-03    0.00%    passed     60.12%
  39  person_331560|blah-blah-blah|2000-01-30    0.00%    passed     24.70%
  40  person_169442|blah-blah-blah|2000-01-31    0.00%    passed     31.41%
  41  person_313757|blah-blah-blah|2000-01-25    0.00%    passed     83.96%
  42  person_467655|blah-blah-blah|2000-01-29    0.00%    passed     64.71%
  43  person_80439|blah-blah-blah|2000-01-28     0.00%    failed      4.60%
  44  person_795270|blah-blah-blah|2000-02-03    0.00%    passed     64.71%
  45  person_411846|blah-blah-blah|2000-01-30    0.00%    passed     94.78%
  46  person_582513|blah-blah-blah|2000-02-02    0.00%    passed     26.21%
  47  person_641207|blah-blah-blah|2000-02-01    0.00%    passed     38.04%
  48  person_752707|blah-blah-blah|2000-02-02    0.00%    passed     77.80%
  49  person_853423|blah-blah-blah|2000-02-03    0.00%    failed      4.40%
  50  person_323955|blah-blah-blah|2000-02-03    0.00%    failed      4.40%
****  TOTAL                                      0.00%  3 sequences failed composition chi2 test (p-value<5%; df=3)
NOTE: person_256897|blah-blah-blah|2000-01-20 is identical to person_667000|blah-blah-blah|2000-01-11 but kept for subsequent analysis
NOTE: person_432709|blah-blah-blah|2000-01-16 is identical to person_481348|blah-blah-blah|2000-01-16 but kept for subsequent analysis
NOTE: person_375169|blah-blah-blah|2000-01-23 is identical to person_759723|blah-blah-blah|2000-01-16 but kept for subsequent analysis
NOTE: person_327688|blah-blah-blah|2000-01-28 is identical to person_36252|blah-blah-blah|2000-01-23 but kept for subsequent analysis
NOTE: person_467655|blah-blah-blah|2000-01-29 is identical to person_566756|blah-blah-blah|2000-01-27 but kept for subsequent analysis
NOTE: person_269202|blah-blah-blah|2000-01-25 is identical to person_485624|blah-blah-blah|2000-01-29 but kept for subsequent analysis
NOTE: 11 identical sequences (see below) will be ignored for subsequent analysis
NOTE: person_605662|blah-blah-blah|2000-01-23 (identical to person_667000|blah-blah-blah|2000-01-11) is ignored but added at the end
NOTE: person_321347|blah-blah-blah|2000-01-26 (identical to person_667000|blah-blah-blah|2000-01-11) is ignored but added at the end
NOTE: person_700107|blah-blah-blah|2000-02-01 (identical to person_667000|blah-blah-blah|2000-01-11) is ignored but added at the end
NOTE: person_231776|blah-blah-blah|2000-01-28 (identical to person_667000|blah-blah-blah|2000-01-11) is ignored but added at the end
NOTE: person_169442|blah-blah-blah|2000-01-31 (identical to person_667000|blah-blah-blah|2000-01-11) is ignored but added at the end
NOTE: person_716832|blah-blah-blah|2000-01-22 (identical to person_481348|blah-blah-blah|2000-01-16) is ignored but added at the end
NOTE: person_594687|blah-blah-blah|2000-01-24 (identical to person_481348|blah-blah-blah|2000-01-16) is ignored but added at the end
NOTE: person_227984|blah-blah-blah|2000-01-24 (identical to person_759723|blah-blah-blah|2000-01-16) is ignored but added at the end
NOTE: person_355315|blah-blah-blah|2000-01-29 (identical to person_759723|blah-blah-blah|2000-01-16) is ignored but added at the end
NOTE: person_411846|blah-blah-blah|2000-01-30 (identical to person_36252|blah-blah-blah|2000-01-23) is ignored but added at the end
NOTE: person_795270|blah-blah-blah|2000-02-03 (identical to person_566756|blah-blah-blah|2000-01-27) is ignored but added at the end
Alignment was printed to experiment_18/iqtree/iqtree-results.uniqueseq.phy

For your convenience alignment with unique sequences printed to experiment_18/iqtree/iqtree-results.uniqueseq.phy

Create initial parsimony tree by phylogenetic likelihood library (PLL)... 0.001 seconds

NOTE: 0 MB RAM (0 GB) is required!
Estimate model parameters (epsilon = 0.100)
1. Initial log-likelihood: -14532.976
Optimal log-likelihood: -14532.976
Rate parameters:  A-C: 1.00000  A-G: 1.00000  A-T: 1.00000  C-G: 1.00000  C-T: 1.00000  G-T: 1.00000
Base frequencies:  A: 0.250  C: 0.250  G: 0.250  T: 0.250
Parameters optimization took 1 rounds (0.001 sec)
Wrote distance file to... 
Computing ML distances based on estimated model parameters...
Calculating distance matrix: done in 0.00352597 secs using 98.72% CPU
Computing ML distances took 0.003620 sec (of wall-clock time) 0.003530 sec (of CPU time)
Setting up auxiliary I and S matrices: done in 6.38962e-05 secs using 71.99% CPU
Computing RapidNJ tree took 0.000236 sec (of wall-clock time) 0.000186 sec (of CPU time)
Log-likelihood of RapidNJ tree: -14533.517
--------------------------------------------------------------------
|             INITIALIZING CANDIDATE TREE SET                      |
--------------------------------------------------------------------
Generating 98 parsimony trees... 0.082 second
Computing log-likelihood of 98 initial trees ... 0.053 seconds
Current best score: -14532.976

Do NNI search on 20 best initial trees
Estimate model parameters (epsilon = 0.100)
BETTER TREE FOUND at iteration 1: -14532.976
BETTER TREE FOUND at iteration 9: -14532.976
Iteration 10 / LogL: -14532.976 / Time: 0h:0m:0s
Iteration 20 / LogL: -14532.976 / Time: 0h:0m:0s
Finish initializing candidate tree set (20)
Current best tree score: -14532.976 / CPU time: 0.175
Number of iterations: 20
--------------------------------------------------------------------
|               OPTIMIZING CANDIDATE TREE SET                      |
--------------------------------------------------------------------
Iteration 30 / LogL: -14533.028 / Time: 0h:0m:0s (0h:0m:0s left)
Iteration 40 / LogL: -14552.991 / Time: 0h:0m:0s (0h:0m:0s left)
Iteration 50 / LogL: -14533.037 / Time: 0h:0m:0s (0h:0m:0s left)
Iteration 60 / LogL: -14533.038 / Time: 0h:0m:0s (0h:0m:0s left)
Iteration 70 / LogL: -14533.029 / Time: 0h:0m:0s (0h:0m:0s left)
Iteration 80 / LogL: -14533.064 / Time: 0h:0m:0s (0h:0m:0s left)
Iteration 90 / LogL: -14533.087 / Time: 0h:0m:0s (0h:0m:0s left)
Iteration 100 / LogL: -14533.055 / Time: 0h:0m:0s (0h:0m:0s left)
Iteration 110 / LogL: -14533.022 / Time: 0h:0m:0s (0h:0m:-1s left)
TREE SEARCH COMPLETED AFTER 110 ITERATIONS / Time: 0h:0m:0s

--------------------------------------------------------------------
|                    FINALIZING TREE SEARCH                        |
--------------------------------------------------------------------
Performs final model parameters optimization
Estimate model parameters (epsilon = 0.010)
1. Initial log-likelihood: -14532.976
Optimal log-likelihood: -14532.976
Rate parameters:  A-C: 1.00000  A-G: 1.00000  A-T: 1.00000  C-G: 1.00000  C-T: 1.00000  G-T: 1.00000
Base frequencies:  A: 0.250  C: 0.250  G: 0.250  T: 0.250
Parameters optimization took 1 rounds (0.000 sec)
BEST SCORE FOUND : -14532.976
Total tree length: 0.006

Total number of iterations: 110
CPU time used for tree search: 0.848 sec (0h:0m:0s)
Wall-clock time used for tree search: 0.675 sec (0h:0m:0s)
Total CPU time used: 0.867 sec (0h:0m:0s)
Total wall-clock time used: 0.696 sec (0h:0m:0s)

Analysis results written to: 
  IQ-TREE report:                experiment_18/iqtree/iqtree-results.iqtree
  Maximum-likelihood tree:       experiment_18/iqtree/iqtree-results.treefile
  Likelihood distances:          experiment_18/iqtree/iqtree-results.mldist
  Screen log file:               experiment_18/iqtree/iqtree-results.log

Date and Time: Sun Nov  3 21:15:18 2024
