IQ-TREE multicore version 2.3.3 COVID-edition for MacOS Intel 64-bit built Apr 18 2024
Developed by Bui Quang Minh, James Barbetti, Nguyen Lam Tung, Olga Chernomor,
Heiko Schmidt, Dominik Schrempf, Michael Woodhams, Ly Trong Nhan, Thomas Wong

Host:    wm27d-094 (AVX2, FMA3, 16 GB RAM)
Command: iqtree2 -s experiment_19/input_data/aligned.fasta -m JC --prefix experiment_19/iqtree/iqtree-results
Seed:    609942 (Using SPRNG - Scalable Parallel Random Number Generator)
Time:    Sun Nov  3 21:19:36 2024
Kernel:  AVX+FMA - 1 threads (12 CPU cores detected)

HINT: Use -nt option to specify number of threads because your CPU has 12 cores!
HINT: -nt AUTO will automatically determine the best number of threads to use.

Reading alignment file experiment_19/input_data/aligned.fasta ... Fasta format detected
Reading fasta file: done in 0.01278 secs using 86.39% CPU
Alignment most likely contains DNA/RNA sequences
Alignment has 50 sequences with 10000 columns, 48 distinct patterns
25 parsimony-informative, 35 singleton sites, 9940 constant sites
                                         Gap/Ambiguity  Composition  p-value
Analyzing sequences: done in 1.19209e-05 secs using 83.89% CPU
   1  person_689243|blah-blah-blah|2000-01-17    0.00%    passed     44.69%
   2  person_248252|blah-blah-blah|2000-01-12    0.00%    passed     44.69%
   3  person_786298|blah-blah-blah|2000-01-22    0.00%    passed     59.12%
   4  person_280648|blah-blah-blah|2000-01-14    0.00%    passed     59.12%
   5  person_15799|blah-blah-blah|2000-01-19     0.00%    failed      4.79%
   6  person_522507|blah-blah-blah|2000-01-14    0.00%    passed     50.22%
   7  person_813590|blah-blah-blah|2000-01-16    0.00%    passed     81.29%
   8  person_324506|blah-blah-blah|2000-01-21    0.00%    passed     63.65%
   9  person_56483|blah-blah-blah|2000-01-20     0.00%    passed     84.64%
  10  person_488679|blah-blah-blah|2000-01-15    0.00%    passed     84.64%
  11  person_799180|blah-blah-blah|2000-01-20    0.00%    passed     59.12%
  12  person_535038|blah-blah-blah|2000-01-17    0.00%    passed     28.08%
  13  person_10963|blah-blah-blah|2000-01-18     0.00%    passed     42.83%
  14  person_822863|blah-blah-blah|2000-01-20    0.00%    passed     59.12%
  15  person_135928|blah-blah-blah|2000-01-23    0.00%    passed     63.65%
  16  person_856099|blah-blah-blah|2000-01-24    0.00%    passed     84.64%
  17  person_364456|blah-blah-blah|2000-01-25    0.00%    passed     11.61%
  18  person_324826|blah-blah-blah|2000-01-22    0.00%    passed     84.64%
  19  person_27028|blah-blah-blah|2000-01-21     0.00%    passed     99.59%
  20  person_57539|blah-blah-blah|2000-01-23     0.00%    passed     84.64%
  21  person_656939|blah-blah-blah|2000-01-18    0.00%    passed     35.17%
  22  person_888089|blah-blah-blah|2000-01-19    0.00%    passed     84.64%
  23  person_455534|blah-blah-blah|2000-01-21    0.00%    passed     16.14%
  24  person_655068|blah-blah-blah|2000-01-21    0.00%    passed     58.54%
  25  person_911143|blah-blah-blah|2000-01-23    0.00%    passed     17.53%
  26  person_840075|blah-blah-blah|2000-01-24    0.00%    passed     59.12%
  27  person_213784|blah-blah-blah|2000-01-24    0.00%    passed     81.29%
  28  person_746349|blah-blah-blah|2000-01-25    0.00%    passed     15.21%
  29  person_981765|blah-blah-blah|2000-01-24    0.00%    failed      0.96%
  30  person_171645|blah-blah-blah|2000-01-25    0.00%    passed     43.99%
  31  person_914428|blah-blah-blah|2000-01-25    0.00%    passed     37.58%
  32  person_372430|blah-blah-blah|2000-01-25    0.00%    passed     37.58%
  33  person_286216|blah-blah-blah|2000-01-24    0.00%    passed     54.26%
  34  person_578731|blah-blah-blah|2000-01-22    0.00%    passed     44.69%
  35  person_593799|blah-blah-blah|2000-01-24    0.00%    passed     40.12%
  36  person_480165|blah-blah-blah|2000-01-25    0.00%    passed     11.61%
  37  person_953612|blah-blah-blah|2000-01-23    0.00%    passed     55.66%
  38  person_93267|blah-blah-blah|2000-01-23     0.00%    passed     63.65%
  39  person_754429|blah-blah-blah|2000-01-20    0.00%    passed     42.83%
  40  person_656261|blah-blah-blah|2000-01-23    0.00%    passed     99.59%
  41  person_472552|blah-blah-blah|2000-01-24    0.00%    passed     50.22%
  42  person_637165|blah-blah-blah|2000-01-22    0.00%    passed     35.17%
  43  person_509765|blah-blah-blah|2000-01-25    0.00%    passed     41.91%
  44  person_876486|blah-blah-blah|2000-01-21    0.00%    passed     54.26%
  45  person_871367|blah-blah-blah|2000-01-23    0.00%    passed     42.83%
  46  person_98952|blah-blah-blah|2000-01-25     0.00%    passed     79.61%
  47  person_462452|blah-blah-blah|2000-01-25    0.00%    passed     79.61%
  48  person_965600|blah-blah-blah|2000-01-24    0.00%    passed     79.61%
  49  person_7957|blah-blah-blah|2000-01-23      0.00%    failed      0.00%
  50  person_634925|blah-blah-blah|2000-01-25    0.00%    passed     99.59%
****  TOTAL                                      0.00%  3 sequences failed composition chi2 test (p-value<5%; df=3)
NOTE: person_248252|blah-blah-blah|2000-01-12 is identical to person_689243|blah-blah-blah|2000-01-17 but kept for subsequent analysis
NOTE: person_822863|blah-blah-blah|2000-01-20 is identical to person_280648|blah-blah-blah|2000-01-14 but kept for subsequent analysis
NOTE: person_472552|blah-blah-blah|2000-01-24 is identical to person_522507|blah-blah-blah|2000-01-14 but kept for subsequent analysis
NOTE: person_856099|blah-blah-blah|2000-01-24 is identical to person_488679|blah-blah-blah|2000-01-15 but kept for subsequent analysis
NOTE: person_93267|blah-blah-blah|2000-01-23 is identical to person_135928|blah-blah-blah|2000-01-23 but kept for subsequent analysis
NOTE: person_888089|blah-blah-blah|2000-01-19 is identical to person_57539|blah-blah-blah|2000-01-23 but kept for subsequent analysis
NOTE: person_372430|blah-blah-blah|2000-01-25 is identical to person_914428|blah-blah-blah|2000-01-25 but kept for subsequent analysis
NOTE: person_876486|blah-blah-blah|2000-01-21 is identical to person_286216|blah-blah-blah|2000-01-24 but kept for subsequent analysis
NOTE: person_871367|blah-blah-blah|2000-01-23 is identical to person_754429|blah-blah-blah|2000-01-20 but kept for subsequent analysis
NOTE: person_634925|blah-blah-blah|2000-01-25 is identical to person_656261|blah-blah-blah|2000-01-23 but kept for subsequent analysis
NOTE: person_462452|blah-blah-blah|2000-01-25 is identical to person_98952|blah-blah-blah|2000-01-25 but kept for subsequent analysis
NOTE: 3 identical sequences (see below) will be ignored for subsequent analysis
NOTE: person_578731|blah-blah-blah|2000-01-22 (identical to person_689243|blah-blah-blah|2000-01-17) is ignored but added at the end
NOTE: person_840075|blah-blah-blah|2000-01-24 (identical to person_280648|blah-blah-blah|2000-01-14) is ignored but added at the end
NOTE: person_965600|blah-blah-blah|2000-01-24 (identical to person_98952|blah-blah-blah|2000-01-25) is ignored but added at the end
Alignment was printed to experiment_19/iqtree/iqtree-results.uniqueseq.phy

For your convenience alignment with unique sequences printed to experiment_19/iqtree/iqtree-results.uniqueseq.phy
WARNING: States(s) G, T rarely appear in alignment and may cause numerical problems

Create initial parsimony tree by phylogenetic likelihood library (PLL)... 0.001 seconds

NOTE: 0 MB RAM (0 GB) is required!
Estimate model parameters (epsilon = 0.100)
1. Initial log-likelihood: -14507.843
Optimal log-likelihood: -14507.843
Rate parameters:  A-C: 1.00000  A-G: 1.00000  A-T: 1.00000  C-G: 1.00000  C-T: 1.00000  G-T: 1.00000
Base frequencies:  A: 0.250  C: 0.250  G: 0.250  T: 0.250
Parameters optimization took 1 rounds (0.001 sec)
Wrote distance file to... 
Computing ML distances based on estimated model parameters...
Calculating distance matrix: done in 0.00559616 secs using 99.39% CPU
Computing ML distances took 0.005669 sec (of wall-clock time) 0.005608 sec (of CPU time)
Setting up auxiliary I and S matrices: done in 8.79765e-05 secs using 84.11% CPU
Computing RapidNJ tree took 0.000326 sec (of wall-clock time) 0.000426 sec (of CPU time)
Log-likelihood of RapidNJ tree: -14508.257
--------------------------------------------------------------------
|             INITIALIZING CANDIDATE TREE SET                      |
--------------------------------------------------------------------
Generating 98 parsimony trees... 0.106 second
Computing log-likelihood of 98 initial trees ... 0.063 seconds
Current best score: -14507.843

Do NNI search on 20 best initial trees
Estimate model parameters (epsilon = 0.100)
BETTER TREE FOUND at iteration 1: -14507.843
BETTER TREE FOUND at iteration 2: -14507.843
BETTER TREE FOUND at iteration 3: -14507.843
BETTER TREE FOUND at iteration 6: -14507.843
Iteration 10 / LogL: -14507.843 / Time: 0h:0m:0s
Iteration 20 / LogL: -14507.843 / Time: 0h:0m:0s
Finish initializing candidate tree set (20)
Current best tree score: -14507.843 / CPU time: 0.213
Number of iterations: 20
--------------------------------------------------------------------
|               OPTIMIZING CANDIDATE TREE SET                      |
--------------------------------------------------------------------
Iteration 30 / LogL: -14507.889 / Time: 0h:0m:0s (0h:0m:0s left)
Iteration 40 / LogL: -14516.572 / Time: 0h:0m:0s (0h:0m:0s left)
Iteration 50 / LogL: -14507.919 / Time: 0h:0m:0s (0h:0m:0s left)
Iteration 60 / LogL: -14515.165 / Time: 0h:0m:0s (0h:0m:0s left)
Iteration 70 / LogL: -14515.196 / Time: 0h:0m:0s (0h:0m:0s left)
Iteration 80 / LogL: -14507.947 / Time: 0h:0m:0s (0h:0m:0s left)
Iteration 90 / LogL: -14507.889 / Time: 0h:0m:0s (0h:0m:0s left)
Iteration 100 / LogL: -14507.935 / Time: 0h:0m:0s (0h:0m:0s left)
TREE SEARCH COMPLETED AFTER 107 ITERATIONS / Time: 0h:0m:0s

--------------------------------------------------------------------
|                    FINALIZING TREE SEARCH                        |
--------------------------------------------------------------------
Performs final model parameters optimization
Estimate model parameters (epsilon = 0.010)
1. Initial log-likelihood: -14507.843
Optimal log-likelihood: -14507.843
Rate parameters:  A-C: 1.00000  A-G: 1.00000  A-T: 1.00000  C-G: 1.00000  C-T: 1.00000  G-T: 1.00000
Base frequencies:  A: 0.250  C: 0.250  G: 0.250  T: 0.250
Parameters optimization took 1 rounds (0.001 sec)
BEST SCORE FOUND : -14507.843
Total tree length: 0.006

Total number of iterations: 107
CPU time used for tree search: 0.969 sec (0h:0m:0s)
Wall-clock time used for tree search: 0.797 sec (0h:0m:0s)
Total CPU time used: 0.991 sec (0h:0m:0s)
Total wall-clock time used: 0.819 sec (0h:0m:0s)

Analysis results written to: 
  IQ-TREE report:                experiment_19/iqtree/iqtree-results.iqtree
  Maximum-likelihood tree:       experiment_19/iqtree/iqtree-results.treefile
  Likelihood distances:          experiment_19/iqtree/iqtree-results.mldist
  Screen log file:               experiment_19/iqtree/iqtree-results.log

Date and Time: Sun Nov  3 21:19:37 2024
