IQ-TREE multicore version 2.3.3 COVID-edition for MacOS Intel 64-bit built Apr 18 2024
Developed by Bui Quang Minh, James Barbetti, Nguyen Lam Tung, Olga Chernomor,
Heiko Schmidt, Dominik Schrempf, Michael Woodhams, Ly Trong Nhan, Thomas Wong

Host:    wm27d-094 (AVX2, FMA3, 16 GB RAM)
Command: iqtree2 -s experiment_22/input_data/aligned.fasta -m JC --prefix experiment_22/iqtree/iqtree-results
Seed:    302067 (Using SPRNG - Scalable Parallel Random Number Generator)
Time:    Sun Nov  3 21:27:56 2024
Kernel:  AVX+FMA - 1 threads (12 CPU cores detected)

HINT: Use -nt option to specify number of threads because your CPU has 12 cores!
HINT: -nt AUTO will automatically determine the best number of threads to use.

Reading alignment file experiment_22/input_data/aligned.fasta ... Fasta format detected
Reading fasta file: done in 0.0127208 secs using 86.83% CPU
Alignment most likely contains DNA/RNA sequences
Alignment has 50 sequences with 10000 columns, 10000 distinct patterns
15 parsimony-informative, 27 singleton sites, 9958 constant sites
                                         Gap/Ambiguity  Composition  p-value
Analyzing sequences: done in 0.00230908 secs using 91.29% CPU
   1  person_325611|blah-blah-blah|2000-01-09   20.04%    passed     61.52%
   2  person_671711|blah-blah-blah|2000-01-12   19.72%    passed     39.67%
   3  person_112129|blah-blah-blah|2000-01-17   19.56%    passed     54.21%
   4  person_792050|blah-blah-blah|2000-01-19   20.04%    passed     56.50%
   5  person_612145|blah-blah-blah|2000-01-16   19.90%    passed     82.99%
   6  person_664860|blah-blah-blah|2000-01-13   20.51%    passed     65.10%
   7  person_284893|blah-blah-blah|2000-01-19   19.65%    passed     42.62%
   8  person_761989|blah-blah-blah|2000-01-17   20.01%    passed     42.85%
   9  person_738296|blah-blah-blah|2000-01-19   19.94%    passed     74.82%
  10  person_622827|blah-blah-blah|2000-01-16   19.91%    passed     74.81%
  11  person_582015|blah-blah-blah|2000-01-20   20.24%    passed     99.58%
  12  person_551632|blah-blah-blah|2000-01-16   19.86%    passed     39.75%
  13  person_134979|blah-blah-blah|2000-01-17   19.65%    passed     39.63%
  14  person_160004|blah-blah-blah|2000-01-19   19.99%    passed     54.40%
  15  person_780878|blah-blah-blah|2000-01-18   19.53%    passed     39.56%
  16  person_567778|blah-blah-blah|2000-01-23   20.11%    passed     42.79%
  17  person_726178|blah-blah-blah|2000-01-21   19.74%    passed     56.35%
  18  person_982986|blah-blah-blah|2000-01-18   19.91%    passed     39.78%
  19  person_857160|blah-blah-blah|2000-01-28   19.78%    passed     41.74%
  20  person_305445|blah-blah-blah|2000-01-21   19.71%    passed     70.41%
  21  person_214305|blah-blah-blah|2000-01-21   19.84%    passed     82.97%
  22  person_156417|blah-blah-blah|2000-01-24   20.23%    passed     65.40%
  23  person_256554|blah-blah-blah|2000-01-24   19.72%    passed     54.73%
  24  person_290093|blah-blah-blah|2000-01-26   20.89%    passed     64.70%
  25  person_856108|blah-blah-blah|2000-01-20   18.95%    passed     99.60%
  26  person_133109|blah-blah-blah|2000-01-21   20.08%    passed     42.81%
  27  person_858011|blah-blah-blah|2000-01-27   20.35%    passed     70.13%
  28  person_906827|blah-blah-blah|2000-01-23   20.11%    passed     89.68%
  29  person_211749|blah-blah-blah|2000-01-27   20.08%    passed     30.36%
  30  person_204953|blah-blah-blah|2000-01-23   20.53%    passed     74.94%
  31  person_580389|blah-blah-blah|2000-01-25   19.79%    passed     99.59%
  32  person_706006|blah-blah-blah|2000-01-25   20.34%    passed     72.42%
  33  person_390656|blah-blah-blah|2000-01-24   19.68%    passed     54.26%
  34  person_262626|blah-blah-blah|2000-01-27   20.29%    passed     25.78%
  35  person_691473|blah-blah-blah|2000-01-28   20.23%    passed     35.00%
  36  person_834213|blah-blah-blah|2000-01-28   20.08%    passed     44.73%
  37  person_490262|blah-blah-blah|2000-01-28   20.59%    passed     61.84%
  38  person_419567|blah-blah-blah|2000-01-26   20.08%    passed     70.25%
  39  person_560323|blah-blah-blah|2000-01-25   20.08%    passed     83.04%
  40  person_66648|blah-blah-blah|2000-01-26    20.59%    passed     54.66%
  41  person_181215|blah-blah-blah|2000-01-28   19.99%    passed      8.14%
  42  person_953176|blah-blah-blah|2000-01-23   19.01%    passed      8.72%
  43  person_901207|blah-blah-blah|2000-01-28   19.59%    failed      0.02%
  44  person_318356|blah-blah-blah|2000-01-26   20.83%    passed     10.28%
  45  person_700604|blah-blah-blah|2000-01-26   19.74%    passed     70.40%
  46  person_433393|blah-blah-blah|2000-01-30   20.88%    passed      7.32%
  47  person_691944|blah-blah-blah|2000-01-27   20.17%    passed     83.07%
  48  person_91381|blah-blah-blah|2000-01-29    19.95%    passed     80.53%
  49  person_544789|blah-blah-blah|2000-01-30   19.80%    failed      2.37%
  50  person_74652|blah-blah-blah|2000-01-28    19.95%    passed     70.31%
****  TOTAL                                     20.00%  2 sequences failed composition chi2 test (p-value<5%; df=3)

Create initial parsimony tree by phylogenetic likelihood library (PLL)... 0.003 seconds

NOTE: 16 MB RAM (0 GB) is required!
Estimate model parameters (epsilon = 0.100)
1. Initial log-likelihood: -14316.910
Optimal log-likelihood: -14315.382
Rate parameters:  A-C: 1.00000  A-G: 1.00000  A-T: 1.00000  C-G: 1.00000  C-T: 1.00000  G-T: 1.00000
Base frequencies:  A: 0.250  C: 0.250  G: 0.250  T: 0.250
Parameters optimization took 1 rounds (0.084 sec)
Wrote distance file to... 
Computing ML distances based on estimated model parameters...
Calculating distance matrix: done in 0.0950959 secs using 99.73% CPU
Computing ML distances took 0.097704 sec (of wall-clock time) 0.097401 sec (of CPU time)
Setting up auxiliary I and S matrices: done in 8.29697e-05 secs using 72.32% CPU
Computing RapidNJ tree took 0.000343 sec (of wall-clock time) 0.000284 sec (of CPU time)
Log-likelihood of RapidNJ tree: -14315.581
--------------------------------------------------------------------
|             INITIALIZING CANDIDATE TREE SET                      |
--------------------------------------------------------------------
Generating 98 parsimony trees... 0.231 second
Computing log-likelihood of 98 initial trees ... 3.144 seconds
Current best score: -14306.447

Do NNI search on 20 best initial trees
Estimate model parameters (epsilon = 0.100)
BETTER TREE FOUND at iteration 1: -14306.306
Estimate model parameters (epsilon = 0.100)
BETTER TREE FOUND at iteration 2: -14306.277
Iteration 10 / LogL: -14306.309 / Time: 0h:0m:9s
Iteration 20 / LogL: -14306.419 / Time: 0h:0m:14s
Finish initializing candidate tree set (20)
Current best tree score: -14306.277 / CPU time: 13.871
Number of iterations: 20
--------------------------------------------------------------------
|               OPTIMIZING CANDIDATE TREE SET                      |
--------------------------------------------------------------------
BETTER TREE FOUND at iteration 21: -14306.273
BETTER TREE FOUND at iteration 22: -14306.272
BETTER TREE FOUND at iteration 27: -14306.267
Iteration 30 / LogL: -14306.291 / Time: 0h:0m:18s (0h:1m:1s left)
Iteration 40 / LogL: -14306.287 / Time: 0h:0m:22s (0h:0m:50s left)
BETTER TREE FOUND at iteration 47: -14306.264
Iteration 50 / LogL: -14306.303 / Time: 0h:0m:26s (0h:0m:52s left)
Iteration 60 / LogL: -14306.282 / Time: 0h:0m:30s (0h:0m:44s left)
Iteration 70 / LogL: -14306.281 / Time: 0h:0m:34s (0h:0m:38s left)
BETTER TREE FOUND at iteration 78: -14306.257
Iteration 80 / LogL: -14306.280 / Time: 0h:0m:38s (0h:0m:47s left)
BETTER TREE FOUND at iteration 86: -14306.257
Iteration 90 / LogL: -14306.301 / Time: 0h:0m:42s (0h:0m:45s left)
BETTER TREE FOUND at iteration 97: -14306.249
Iteration 100 / LogL: -14306.279 / Time: 0h:0m:46s (0h:0m:45s left)
BETTER TREE FOUND at iteration 108: -14306.249
Iteration 110 / LogL: -14306.323 / Time: 0h:0m:50s (0h:0m:45s left)
Iteration 120 / LogL: -14315.105 / Time: 0h:0m:54s (0h:0m:40s left)
Iteration 130 / LogL: -14306.299 / Time: 0h:0m:59s (0h:0m:35s left)
Iteration 140 / LogL: -14306.268 / Time: 0h:1m:3s (0h:0m:30s left)
Iteration 150 / LogL: -14306.254 / Time: 0h:1m:7s (0h:0m:26s left)
Iteration 160 / LogL: -14306.416 / Time: 0h:1m:11s (0h:0m:21s left)
Iteration 170 / LogL: -14306.288 / Time: 0h:1m:15s (0h:0m:16s left)
Iteration 180 / LogL: -14306.268 / Time: 0h:1m:20s (0h:0m:12s left)
Iteration 190 / LogL: -14306.304 / Time: 0h:1m:24s (0h:0m:8s left)
BETTER TREE FOUND at iteration 200: -14306.249
Iteration 200 / LogL: -14306.249 / Time: 0h:1m:28s (0h:0m:44s left)
BETTER TREE FOUND at iteration 203: -14306.249
Iteration 210 / LogL: -14306.256 / Time: 0h:1m:32s (0h:0m:41s left)
Iteration 220 / LogL: -14306.280 / Time: 0h:1m:36s (0h:0m:36s left)
Iteration 230 / LogL: -14336.137 / Time: 0h:1m:40s (0h:0m:32s left)
Iteration 240 / LogL: -14306.263 / Time: 0h:1m:44s (0h:0m:27s left)
Iteration 250 / LogL: -14306.307 / Time: 0h:1m:48s (0h:0m:23s left)
Iteration 260 / LogL: -14306.251 / Time: 0h:1m:52s (0h:0m:18s left)
Iteration 270 / LogL: -14306.255 / Time: 0h:1m:56s (0h:0m:14s left)
BETTER TREE FOUND at iteration 279: -14306.247
Iteration 280 / LogL: -14306.275 / Time: 0h:2m:0s (0h:0m:42s left)
Iteration 290 / LogL: -14306.318 / Time: 0h:2m:4s (0h:0m:38s left)
Iteration 300 / LogL: -14306.293 / Time: 0h:2m:9s (0h:0m:34s left)
Iteration 310 / LogL: -14306.269 / Time: 0h:2m:14s (0h:0m:29s left)
Iteration 320 / LogL: -14306.301 / Time: 0h:2m:18s (0h:0m:25s left)
Iteration 330 / LogL: -14306.336 / Time: 0h:2m:23s (0h:0m:21s left)
Iteration 340 / LogL: -14306.290 / Time: 0h:2m:27s (0h:0m:16s left)
Iteration 350 / LogL: -14306.280 / Time: 0h:2m:31s (0h:0m:12s left)
Iteration 360 / LogL: -14306.281 / Time: 0h:2m:35s (0h:0m:8s left)
Iteration 370 / LogL: -14306.299 / Time: 0h:2m:40s (0h:0m:3s left)
Iteration 380 / LogL: -14306.295 / Time: 0h:2m:45s (0h:0m:-1s left)
TREE SEARCH COMPLETED AFTER 380 ITERATIONS / Time: 0h:2m:45s

--------------------------------------------------------------------
|                    FINALIZING TREE SEARCH                        |
--------------------------------------------------------------------
Performs final model parameters optimization
Estimate model parameters (epsilon = 0.010)
1. Initial log-likelihood: -14306.247
Optimal log-likelihood: -14306.247
Rate parameters:  A-C: 1.00000  A-G: 1.00000  A-T: 1.00000  C-G: 1.00000  C-T: 1.00000  G-T: 1.00000
Base frequencies:  A: 0.250  C: 0.250  G: 0.250  T: 0.250
Parameters optimization took 1 rounds (0.044 sec)
BEST SCORE FOUND : -14306.247
Total tree length: 0.005

Total number of iterations: 380
CPU time used for tree search: 164.181 sec (0h:2m:44s)
Wall-clock time used for tree search: 164.959 sec (0h:2m:44s)
Total CPU time used: 164.695 sec (0h:2m:44s)
Total wall-clock time used: 165.347 sec (0h:2m:45s)

Analysis results written to: 
  IQ-TREE report:                experiment_22/iqtree/iqtree-results.iqtree
  Maximum-likelihood tree:       experiment_22/iqtree/iqtree-results.treefile
  Likelihood distances:          experiment_22/iqtree/iqtree-results.mldist
  Screen log file:               experiment_22/iqtree/iqtree-results.log

Date and Time: Sun Nov  3 21:30:41 2024
