IQ-TREE multicore version 2.3.3 COVID-edition for MacOS Intel 64-bit built Apr 18 2024
Developed by Bui Quang Minh, James Barbetti, Nguyen Lam Tung, Olga Chernomor,
Heiko Schmidt, Dominik Schrempf, Michael Woodhams, Ly Trong Nhan, Thomas Wong

Host:    wm27d-094 (AVX2, FMA3, 16 GB RAM)
Command: iqtree2 -s experiment_7/input_data/aligned.fasta -m JC --prefix experiment_7/iqtree/iqtree-results
Seed:    741781 (Using SPRNG - Scalable Parallel Random Number Generator)
Time:    Sun Nov  3 14:55:27 2024
Kernel:  AVX+FMA - 1 threads (12 CPU cores detected)

HINT: Use -nt option to specify number of threads because your CPU has 12 cores!
HINT: -nt AUTO will automatically determine the best number of threads to use.

Reading alignment file experiment_7/input_data/aligned.fasta ... Fasta format detected
Reading fasta file: done in 0.0144291 secs using 85.82% CPU
Alignment most likely contains DNA/RNA sequences
Alignment has 50 sequences with 10000 columns, 54 distinct patterns
21 parsimony-informative, 42 singleton sites, 9937 constant sites
                                         Gap/Ambiguity  Composition  p-value
Analyzing sequences: done in 1.81198e-05 secs using 88.3% CPU
   1  person_699925|blah-blah-blah|2000-01-16    0.00%    passed     80.88%
   2  person_208779|blah-blah-blah|2000-01-18    0.00%    passed     31.80%
   3  person_352538|blah-blah-blah|2000-01-13    0.00%    passed     31.80%
   4  person_991858|blah-blah-blah|2000-01-15    0.00%    passed     31.80%
   5  person_422277|blah-blah-blah|2000-01-17    0.00%    passed     55.67%
   6  person_419193|blah-blah-blah|2000-01-24    0.00%    passed     34.74%
   7  person_347085|blah-blah-blah|2000-01-26    0.00%    passed     88.84%
   8  person_187972|blah-blah-blah|2000-01-28    0.00%    passed     88.84%
   9  person_593873|blah-blah-blah|2000-01-25    0.00%    passed     88.84%
  10  person_314546|blah-blah-blah|2000-01-27    0.00%    passed     16.61%
  11  person_775759|blah-blah-blah|2000-01-26    0.00%    passed     62.75%
  12  person_885608|blah-blah-blah|2000-01-30    0.00%    passed     88.84%
  13  person_791093|blah-blah-blah|2000-01-29    0.00%    passed     70.25%
  14  person_120976|blah-blah-blah|2000-01-27    0.00%    passed     88.84%
  15  person_345800|blah-blah-blah|2000-01-29    0.00%    passed     72.59%
  16  person_939551|blah-blah-blah|2000-01-27    0.00%    passed     88.84%
  17  person_905277|blah-blah-blah|2000-01-30    0.00%    passed     70.25%
  18  person_421213|blah-blah-blah|2000-01-31    0.00%    passed     62.40%
  19  person_184287|blah-blah-blah|2000-01-31    0.00%    passed     39.64%
  20  person_134492|blah-blah-blah|2000-02-03    0.00%    passed     34.74%
  21  person_515886|blah-blah-blah|2000-01-29    0.00%    passed     80.88%
  22  person_110268|blah-blah-blah|2000-01-30    0.00%    failed      1.88%
  23  person_482072|blah-blah-blah|2000-01-30    0.00%    passed     62.75%
  24  person_319178|blah-blah-blah|2000-01-26    0.00%    passed     62.75%
  25  person_227902|blah-blah-blah|2000-02-03    0.00%    passed     78.20%
  26  person_117657|blah-blah-blah|2000-02-03    0.00%    passed     37.77%
  27  person_846967|blah-blah-blah|2000-02-01    0.00%    passed     24.97%
  28  person_969738|blah-blah-blah|2000-01-31    0.00%    passed     22.95%
  29  person_912604|blah-blah-blah|2000-01-28    0.00%    passed     37.77%
  30  person_73692|blah-blah-blah|2000-01-28     0.00%    passed     19.17%
  31  person_78947|blah-blah-blah|2000-01-30     0.00%    passed     80.60%
  32  person_706860|blah-blah-blah|2000-02-04    0.00%    passed     47.17%
  33  person_594417|blah-blah-blah|2000-02-01    0.00%    passed     72.59%
  34  person_85487|blah-blah-blah|2000-02-02     0.00%    passed     28.64%
  35  person_823132|blah-blah-blah|2000-02-02    0.00%    passed     72.59%
  36  person_725575|blah-blah-blah|2000-02-04    0.00%    passed     88.84%
  37  person_467777|blah-blah-blah|2000-02-03    0.00%    passed     64.88%
  38  person_667281|blah-blah-blah|2000-02-01    0.00%    passed     55.36%
  39  person_823677|blah-blah-blah|2000-01-30    0.00%    passed     19.17%
  40  person_394420|blah-blah-blah|2000-02-03    0.00%    passed     70.25%
  41  person_293845|blah-blah-blah|2000-02-01    0.00%    passed     70.25%
  42  person_46665|blah-blah-blah|2000-02-03     0.00%    passed     62.75%
  43  person_549470|blah-blah-blah|2000-02-05    0.00%    passed     39.64%
  44  person_627053|blah-blah-blah|2000-02-05    0.00%    passed     39.64%
  45  person_87848|blah-blah-blah|2000-02-05     0.00%    passed     19.17%
  46  person_814203|blah-blah-blah|2000-02-03    0.00%    passed     72.59%
  47  person_717674|blah-blah-blah|2000-02-05    0.00%    failed      1.13%
  48  person_228812|blah-blah-blah|2000-02-06    0.00%    failed      0.00%
  49  person_563888|blah-blah-blah|2000-02-06    0.00%    passed     62.75%
  50  person_395990|blah-blah-blah|2000-02-06    0.00%    passed     53.46%
****  TOTAL                                      0.00%  3 sequences failed composition chi2 test (p-value<5%; df=3)
NOTE: person_352538|blah-blah-blah|2000-01-13 is identical to person_208779|blah-blah-blah|2000-01-18 but kept for subsequent analysis
NOTE: person_885608|blah-blah-blah|2000-01-30 is identical to person_347085|blah-blah-blah|2000-01-26 but kept for subsequent analysis
NOTE: person_939551|blah-blah-blah|2000-01-27 is identical to person_187972|blah-blah-blah|2000-01-28 but kept for subsequent analysis
NOTE: person_482072|blah-blah-blah|2000-01-30 is identical to person_775759|blah-blah-blah|2000-01-26 but kept for subsequent analysis
NOTE: person_594417|blah-blah-blah|2000-02-01 is identical to person_345800|blah-blah-blah|2000-01-29 but kept for subsequent analysis
NOTE: person_549470|blah-blah-blah|2000-02-05 is identical to person_184287|blah-blah-blah|2000-01-31 but kept for subsequent analysis
NOTE: person_912604|blah-blah-blah|2000-01-28 is identical to person_117657|blah-blah-blah|2000-02-03 but kept for subsequent analysis
NOTE: person_823677|blah-blah-blah|2000-01-30 is identical to person_73692|blah-blah-blah|2000-01-28 but kept for subsequent analysis
NOTE: 9 identical sequences (see below) will be ignored for subsequent analysis
NOTE: person_991858|blah-blah-blah|2000-01-15 (identical to person_208779|blah-blah-blah|2000-01-18) is ignored but added at the end
NOTE: person_120976|blah-blah-blah|2000-01-27 (identical to person_347085|blah-blah-blah|2000-01-26) is ignored but added at the end
NOTE: person_319178|blah-blah-blah|2000-01-26 (identical to person_775759|blah-blah-blah|2000-01-26) is ignored but added at the end
NOTE: person_46665|blah-blah-blah|2000-02-03 (identical to person_775759|blah-blah-blah|2000-01-26) is ignored but added at the end
NOTE: person_563888|blah-blah-blah|2000-02-06 (identical to person_775759|blah-blah-blah|2000-01-26) is ignored but added at the end
NOTE: person_823132|blah-blah-blah|2000-02-02 (identical to person_345800|blah-blah-blah|2000-01-29) is ignored but added at the end
NOTE: person_814203|blah-blah-blah|2000-02-03 (identical to person_345800|blah-blah-blah|2000-01-29) is ignored but added at the end
NOTE: person_627053|blah-blah-blah|2000-02-05 (identical to person_184287|blah-blah-blah|2000-01-31) is ignored but added at the end
NOTE: person_87848|blah-blah-blah|2000-02-05 (identical to person_73692|blah-blah-blah|2000-01-28) is ignored but added at the end
Alignment was printed to experiment_7/iqtree/iqtree-results.uniqueseq.phy

For your convenience alignment with unique sequences printed to experiment_7/iqtree/iqtree-results.uniqueseq.phy
WARNING: States(s) G rarely appear in alignment and may cause numerical problems

Create initial parsimony tree by phylogenetic likelihood library (PLL)... 0.001 seconds

NOTE: 0 MB RAM (0 GB) is required!
Estimate model parameters (epsilon = 0.100)
1. Initial log-likelihood: -14529.995
Optimal log-likelihood: -14529.995
Rate parameters:  A-C: 1.00000  A-G: 1.00000  A-T: 1.00000  C-G: 1.00000  C-T: 1.00000  G-T: 1.00000
Base frequencies:  A: 0.250  C: 0.250  G: 0.250  T: 0.250
Parameters optimization took 1 rounds (0.001 sec)
Wrote distance file to... 
Computing ML distances based on estimated model parameters...
Calculating distance matrix: done in 0.00398779 secs using 98.2% CPU
Computing ML distances took 0.004066 sec (of wall-clock time) 0.003964 sec (of CPU time)
Setting up auxiliary I and S matrices: done in 7.41482e-05 secs using 72.83% CPU
Computing RapidNJ tree took 0.000279 sec (of wall-clock time) 0.000347 sec (of CPU time)
Log-likelihood of RapidNJ tree: -14530.465
--------------------------------------------------------------------
|             INITIALIZING CANDIDATE TREE SET                      |
--------------------------------------------------------------------
Generating 98 parsimony trees... 0.092 second
Computing log-likelihood of 98 initial trees ... 0.056 seconds
Current best score: -14529.995

Do NNI search on 20 best initial trees
Estimate model parameters (epsilon = 0.100)
BETTER TREE FOUND at iteration 1: -14529.995
BETTER TREE FOUND at iteration 2: -14529.995
Iteration 10 / LogL: -14529.995 / Time: 0h:0m:0s
BETTER TREE FOUND at iteration 15: -14529.995
BETTER TREE FOUND at iteration 17: -14529.995
Iteration 20 / LogL: -14529.995 / Time: 0h:0m:0s
Finish initializing candidate tree set (20)
Current best tree score: -14529.995 / CPU time: 0.188
Number of iterations: 20
--------------------------------------------------------------------
|               OPTIMIZING CANDIDATE TREE SET                      |
--------------------------------------------------------------------
Iteration 30 / LogL: -14530.055 / Time: 0h:0m:0s (0h:0m:0s left)
Iteration 40 / LogL: -14533.656 / Time: 0h:0m:0s (0h:0m:0s left)
Iteration 50 / LogL: -14537.629 / Time: 0h:0m:0s (0h:0m:0s left)
Iteration 60 / LogL: -14530.066 / Time: 0h:0m:0s (0h:0m:0s left)
Iteration 70 / LogL: -14530.085 / Time: 0h:0m:0s (0h:0m:0s left)
Iteration 80 / LogL: -14538.688 / Time: 0h:0m:0s (0h:0m:0s left)
Iteration 90 / LogL: -14530.055 / Time: 0h:0m:0s (0h:0m:0s left)
Iteration 100 / LogL: -14530.025 / Time: 0h:0m:0s (0h:0m:0s left)
Iteration 110 / LogL: -14542.294 / Time: 0h:0m:0s (0h:0m:0s left)
TREE SEARCH COMPLETED AFTER 118 ITERATIONS / Time: 0h:0m:0s

--------------------------------------------------------------------
|                    FINALIZING TREE SEARCH                        |
--------------------------------------------------------------------
Performs final model parameters optimization
Estimate model parameters (epsilon = 0.010)
1. Initial log-likelihood: -14529.995
Optimal log-likelihood: -14529.995
Rate parameters:  A-C: 1.00000  A-G: 1.00000  A-T: 1.00000  C-G: 1.00000  C-T: 1.00000  G-T: 1.00000
Base frequencies:  A: 0.250  C: 0.250  G: 0.250  T: 0.250
Parameters optimization took 1 rounds (0.001 sec)
BEST SCORE FOUND : -14529.995
Total tree length: 0.006

Total number of iterations: 118
CPU time used for tree search: 0.959 sec (0h:0m:0s)
Wall-clock time used for tree search: 0.801 sec (0h:0m:0s)
Total CPU time used: 0.980 sec (0h:0m:0s)
Total wall-clock time used: 0.824 sec (0h:0m:0s)

Analysis results written to: 
  IQ-TREE report:                experiment_7/iqtree/iqtree-results.iqtree
  Maximum-likelihood tree:       experiment_7/iqtree/iqtree-results.treefile
  Likelihood distances:          experiment_7/iqtree/iqtree-results.mldist
  Screen log file:               experiment_7/iqtree/iqtree-results.log

Date and Time: Sun Nov  3 14:55:28 2024
