IQ-TREE multicore version 2.3.3 COVID-edition for MacOS Intel 64-bit built Apr 18 2024
Developed by Bui Quang Minh, James Barbetti, Nguyen Lam Tung, Olga Chernomor,
Heiko Schmidt, Dominik Schrempf, Michael Woodhams, Ly Trong Nhan, Thomas Wong

Host:    wm27d-094 (AVX2, FMA3, 16 GB RAM)
Command: iqtree2 -s experiment_15/input_data/aligned.fasta -m JC --prefix experiment_15/iqtree/iqtree-results
Seed:    433386 (Using SPRNG - Scalable Parallel Random Number Generator)
Time:    Sun Nov  3 21:09:14 2024
Kernel:  AVX+FMA - 1 threads (12 CPU cores detected)

HINT: Use -nt option to specify number of threads because your CPU has 12 cores!
HINT: -nt AUTO will automatically determine the best number of threads to use.

Reading alignment file experiment_15/input_data/aligned.fasta ... Fasta format detected
Reading fasta file: done in 0.012418 secs using 86.91% CPU
Alignment most likely contains DNA/RNA sequences
Alignment has 50 sequences with 10000 columns, 52 distinct patterns
18 parsimony-informative, 40 singleton sites, 9942 constant sites
                                         Gap/Ambiguity  Composition  p-value
Analyzing sequences: done in 1.19209e-05 secs using 83.89% CPU
   1  person_16645|blah-blah-blah|2000-01-09     0.00%    passed     52.79%
   2  person_971993|blah-blah-blah|2000-01-12    0.00%    passed     74.33%
   3  person_763243|blah-blah-blah|2000-01-09    0.00%    passed     52.79%
   4  person_784117|blah-blah-blah|2000-01-12    0.00%    passed     47.66%
   5  person_738822|blah-blah-blah|2000-01-15    0.00%    passed     92.10%
   6  person_130839|blah-blah-blah|2000-01-14    0.00%    passed     68.92%
   7  person_702883|blah-blah-blah|2000-01-18    0.00%    passed     51.22%
   8  person_21688|blah-blah-blah|2000-01-12     0.00%    passed     68.92%
   9  person_377021|blah-blah-blah|2000-01-16    0.00%    passed     68.92%
  10  person_120976|blah-blah-blah|2000-01-11    0.00%    passed     68.92%
  11  person_681901|blah-blah-blah|2000-01-10    0.00%    passed     92.10%
  12  person_783371|blah-blah-blah|2000-01-12    0.00%    passed     68.92%
  13  person_242322|blah-blah-blah|2000-01-14    0.00%    passed     52.79%
  14  person_111514|blah-blah-blah|2000-01-16    0.00%    passed     47.66%
  15  person_169170|blah-blah-blah|2000-01-12    0.00%    passed     62.75%
  16  person_834252|blah-blah-blah|2000-01-19    0.00%    passed     35.89%
  17  person_528596|blah-blah-blah|2000-01-21    0.00%    passed     67.04%
  18  person_134456|blah-blah-blah|2000-01-17    0.00%    passed     34.74%
  19  person_852339|blah-blah-blah|2000-01-14    0.00%    passed     85.82%
  20  person_668372|blah-blah-blah|2000-01-19    0.00%    passed     85.82%
  21  person_782803|blah-blah-blah|2000-01-20    0.00%    passed     34.74%
  22  person_412995|blah-blah-blah|2000-01-20    0.00%    passed     68.92%
  23  person_564962|blah-blah-blah|2000-01-16    0.00%    passed     92.10%
  24  person_201473|blah-blah-blah|2000-01-18    0.00%    passed      9.66%
  25  person_759451|blah-blah-blah|2000-01-14    0.00%    passed     74.33%
  26  person_955082|blah-blah-blah|2000-01-20    0.00%    passed     46.20%
  27  person_583418|blah-blah-blah|2000-01-19    0.00%    passed     92.10%
  28  person_201051|blah-blah-blah|2000-01-16    0.00%    passed     47.66%
  29  person_656565|blah-blah-blah|2000-01-15    0.00%    passed     68.92%
  30  person_782646|blah-blah-blah|2000-01-17    0.00%    passed     74.33%
  31  person_557381|blah-blah-blah|2000-01-19    0.00%    passed     85.82%
  32  person_263251|blah-blah-blah|2000-01-18    0.00%    passed     60.96%
  33  person_219084|blah-blah-blah|2000-01-16    0.00%    passed     52.40%
  34  person_361058|blah-blah-blah|2000-01-20    0.00%    passed     67.04%
  35  person_193222|blah-blah-blah|2000-01-20    0.00%    passed     74.33%
  36  person_899403|blah-blah-blah|2000-01-21    0.00%    passed     31.11%
  37  person_402796|blah-blah-blah|2000-01-20    0.00%    passed     67.04%
  38  person_50571|blah-blah-blah|2000-01-20     0.00%    passed     67.04%
  39  person_38654|blah-blah-blah|2000-01-20     0.00%    passed     47.66%
  40  person_930773|blah-blah-blah|2000-01-21    0.00%    passed     52.79%
  41  person_338952|blah-blah-blah|2000-01-18    0.00%    passed     47.66%
  42  person_254523|blah-blah-blah|2000-01-21    0.00%    passed     67.92%
  43  person_651948|blah-blah-blah|2000-01-20    0.00%    passed     12.84%
  44  person_77627|blah-blah-blah|2000-01-21     0.00%    passed     46.20%
  45  person_585433|blah-blah-blah|2000-01-21    0.00%    passed     85.82%
  46  person_350193|blah-blah-blah|2000-01-19    0.00%    failed      0.25%
  47  person_894155|blah-blah-blah|2000-01-19    0.00%    passed      5.62%
  48  person_890104|blah-blah-blah|2000-01-19    0.00%    passed      9.66%
  49  person_330897|blah-blah-blah|2000-01-21    0.00%    passed     31.11%
  50  person_807949|blah-blah-blah|2000-01-21    0.00%    passed     46.20%
****  TOTAL                                      0.00%  1 sequences failed composition chi2 test (p-value<5%; df=3)
NOTE: person_763243|blah-blah-blah|2000-01-09 is identical to person_16645|blah-blah-blah|2000-01-09 but kept for subsequent analysis
NOTE: person_759451|blah-blah-blah|2000-01-14 is identical to person_971993|blah-blah-blah|2000-01-12 but kept for subsequent analysis
NOTE: person_338952|blah-blah-blah|2000-01-18 is identical to person_784117|blah-blah-blah|2000-01-12 but kept for subsequent analysis
NOTE: person_120976|blah-blah-blah|2000-01-11 is identical to person_377021|blah-blah-blah|2000-01-16 but kept for subsequent analysis
NOTE: person_585433|blah-blah-blah|2000-01-21 is identical to person_557381|blah-blah-blah|2000-01-19 but kept for subsequent analysis
NOTE: 5 identical sequences (see below) will be ignored for subsequent analysis
NOTE: person_242322|blah-blah-blah|2000-01-14 (identical to person_16645|blah-blah-blah|2000-01-09) is ignored but added at the end
NOTE: person_930773|blah-blah-blah|2000-01-21 (identical to person_16645|blah-blah-blah|2000-01-09) is ignored but added at the end
NOTE: person_782646|blah-blah-blah|2000-01-17 (identical to person_971993|blah-blah-blah|2000-01-12) is ignored but added at the end
NOTE: person_783371|blah-blah-blah|2000-01-12 (identical to person_377021|blah-blah-blah|2000-01-16) is ignored but added at the end
NOTE: person_412995|blah-blah-blah|2000-01-20 (identical to person_377021|blah-blah-blah|2000-01-16) is ignored but added at the end
Alignment was printed to experiment_15/iqtree/iqtree-results.uniqueseq.phy

For your convenience alignment with unique sequences printed to experiment_15/iqtree/iqtree-results.uniqueseq.phy
WARNING: States(s) G, T rarely appear in alignment and may cause numerical problems

Create initial parsimony tree by phylogenetic likelihood library (PLL)... 0.001 seconds

NOTE: 0 MB RAM (0 GB) is required!
Estimate model parameters (epsilon = 0.100)
1. Initial log-likelihood: -14490.382
Optimal log-likelihood: -14490.382
Rate parameters:  A-C: 1.00000  A-G: 1.00000  A-T: 1.00000  C-G: 1.00000  C-T: 1.00000  G-T: 1.00000
Base frequencies:  A: 0.250  C: 0.250  G: 0.250  T: 0.250
Parameters optimization took 1 rounds (0.001 sec)
Wrote distance file to... 
Computing ML distances based on estimated model parameters...
Calculating distance matrix: done in 0.00419283 secs using 97.29% CPU
Computing ML distances took 0.004256 sec (of wall-clock time) 0.004118 sec (of CPU time)
Setting up auxiliary I and S matrices: done in 6.7234e-05 secs using 80.32% CPU
Computing RapidNJ tree took 0.000252 sec (of wall-clock time) 0.000337 sec (of CPU time)
Log-likelihood of RapidNJ tree: -14490.914
--------------------------------------------------------------------
|             INITIALIZING CANDIDATE TREE SET                      |
--------------------------------------------------------------------
Generating 98 parsimony trees... 0.100 second
Computing log-likelihood of 98 initial trees ... 0.060 seconds
Current best score: -14490.382

Do NNI search on 20 best initial trees
Estimate model parameters (epsilon = 0.100)
BETTER TREE FOUND at iteration 1: -14490.382
BETTER TREE FOUND at iteration 8: -14490.382
Iteration 10 / LogL: -14490.382 / Time: 0h:0m:0s
Iteration 20 / LogL: -14490.382 / Time: 0h:0m:0s
Finish initializing candidate tree set (20)
Current best tree score: -14490.382 / CPU time: 0.202
Number of iterations: 20
--------------------------------------------------------------------
|               OPTIMIZING CANDIDATE TREE SET                      |
--------------------------------------------------------------------
Iteration 30 / LogL: -14532.957 / Time: 0h:0m:0s (0h:0m:0s left)
Iteration 40 / LogL: -14494.027 / Time: 0h:0m:0s (0h:0m:0s left)
Iteration 50 / LogL: -14494.103 / Time: 0h:0m:0s (0h:0m:0s left)
Iteration 60 / LogL: -14502.649 / Time: 0h:0m:0s (0h:0m:0s left)
Iteration 70 / LogL: -14490.439 / Time: 0h:0m:0s (0h:0m:0s left)
Iteration 80 / LogL: -14494.100 / Time: 0h:0m:0s (0h:0m:0s left)
Iteration 90 / LogL: -14497.725 / Time: 0h:0m:0s (0h:0m:0s left)
Iteration 100 / LogL: -14494.055 / Time: 0h:0m:0s (0h:0m:0s left)
TREE SEARCH COMPLETED AFTER 109 ITERATIONS / Time: 0h:0m:0s

--------------------------------------------------------------------
|                    FINALIZING TREE SEARCH                        |
--------------------------------------------------------------------
Performs final model parameters optimization
Estimate model parameters (epsilon = 0.010)
1. Initial log-likelihood: -14490.382
Optimal log-likelihood: -14490.382
Rate parameters:  A-C: 1.00000  A-G: 1.00000  A-T: 1.00000  C-G: 1.00000  C-T: 1.00000  G-T: 1.00000
Base frequencies:  A: 0.250  C: 0.250  G: 0.250  T: 0.250
Parameters optimization took 1 rounds (0.001 sec)
BEST SCORE FOUND : -14490.382
Total tree length: 0.006

Total number of iterations: 109
CPU time used for tree search: 0.923 sec (0h:0m:0s)
Wall-clock time used for tree search: 0.754 sec (0h:0m:0s)
Total CPU time used: 0.943 sec (0h:0m:0s)
Total wall-clock time used: 0.774 sec (0h:0m:0s)

Analysis results written to: 
  IQ-TREE report:                experiment_15/iqtree/iqtree-results.iqtree
  Maximum-likelihood tree:       experiment_15/iqtree/iqtree-results.treefile
  Likelihood distances:          experiment_15/iqtree/iqtree-results.mldist
  Screen log file:               experiment_15/iqtree/iqtree-results.log

Date and Time: Sun Nov  3 21:09:15 2024
